位于分支 main
您的分支与上游分支 'origin/main' 一致。

未跟踪的文件:
  （使用 "git add <文件>..." 以包含要提交的内容）
	git.log

提交为空，但是存在尚未跟踪的文件（使用 "git add" 建立跟踪）
[user]
	email = chenjingv
	name = chenjingv
[credential]
	helper = store
[main 916eecf] update_0820
 1 file changed, 13 insertions(+)
 create mode 100644 git.log
To github.com:chenjingv996/utcs_chenjingv996.git
   6a5fe43..916eecf  main -> main
Everything up-to-date
##################################################
2022-08-25 23:29:36.897817
0
None
0
None
0
None
提交状态为:

0
位于分支 main
您的分支与上游分支 'origin/main' 一致。

尚未暂存以备提交的变更：
  （使用 "git add <文件>..." 更新要提交的内容）
  （使用 "git restore <文件>..." 丢弃工作区的改动）
	修改：     git.log

修改尚未加入提交（使用 "git add" 和/或 "git commit -a"）
[user]
	email = chenjingv
	name = chenjingv
[credential]
	helper = store
