DEB [20220902-21:22:35.726] thr=1   paramiko.transport: starting thread (client mode): 0xf6855a80
DEB [20220902-21:22:35.726] thr=1   paramiko.transport: Local version/idstring: SSH-2.0-paramiko_2.11.0
DEB [20220902-21:22:35.736] thr=1   paramiko.transport: Remote version/idstring: SSH-2.0-OpenSSH_8.9p1 Ubuntu-3
INF [20220902-21:22:35.736] thr=1   paramiko.transport: Connected (version 2.0, client OpenSSH_8.9p1)
DEB [20220902-21:22:35.738] thr=1   paramiko.transport: === Key exchange possibilities ===
DEB [20220902-21:22:35.738] thr=1   paramiko.transport: kex algos: curve25519-sha256, curve25519-sha256@libssh.org, ecdh-sha2-nistp256, ecdh-sha2-nistp384, ecdh-sha2-nistp521, sntrup761x25519-sha512@openssh.com, diffie-hellman-group-exchange-sha256, diffie-hellman-group16-sha512, diffie-hellman-group18-sha512, diffie-hellman-group14-sha256
DEB [20220902-21:22:35.738] thr=1   paramiko.transport: server key: rsa-sha2-512, rsa-sha2-256, ecdsa-sha2-nistp256, ssh-ed25519
DEB [20220902-21:22:35.738] thr=1   paramiko.transport: client encrypt: chacha20-poly1305@openssh.com, aes128-ctr, aes192-ctr, aes256-ctr, aes128-gcm@openssh.com, aes256-gcm@openssh.com
DEB [20220902-21:22:35.738] thr=1   paramiko.transport: server encrypt: chacha20-poly1305@openssh.com, aes128-ctr, aes192-ctr, aes256-ctr, aes128-gcm@openssh.com, aes256-gcm@openssh.com
DEB [20220902-21:22:35.738] thr=1   paramiko.transport: client mac: umac-64-etm@openssh.com, umac-128-etm@openssh.com, hmac-sha2-256-etm@openssh.com, hmac-sha2-512-etm@openssh.com, hmac-sha1-etm@openssh.com, umac-64@openssh.com, umac-128@openssh.com, hmac-sha2-256, hmac-sha2-512, hmac-sha1
DEB [20220902-21:22:35.739] thr=1   paramiko.transport: server mac: umac-64-etm@openssh.com, umac-128-etm@openssh.com, hmac-sha2-256-etm@openssh.com, hmac-sha2-512-etm@openssh.com, hmac-sha1-etm@openssh.com, umac-64@openssh.com, umac-128@openssh.com, hmac-sha2-256, hmac-sha2-512, hmac-sha1
DEB [20220902-21:22:35.739] thr=1   paramiko.transport: client compress: none, zlib@openssh.com
DEB [20220902-21:22:35.739] thr=1   paramiko.transport: server compress: none, zlib@openssh.com
DEB [20220902-21:22:35.739] thr=1   paramiko.transport: client lang: <none>
DEB [20220902-21:22:35.739] thr=1   paramiko.transport: server lang: <none>
DEB [20220902-21:22:35.739] thr=1   paramiko.transport: kex follows: False
DEB [20220902-21:22:35.739] thr=1   paramiko.transport: === Key exchange agreements ===
DEB [20220902-21:22:35.739] thr=1   paramiko.transport: Kex: curve25519-sha256@libssh.org
DEB [20220902-21:22:35.739] thr=1   paramiko.transport: HostKey: ssh-ed25519
DEB [20220902-21:22:35.739] thr=1   paramiko.transport: Cipher: aes128-ctr
DEB [20220902-21:22:35.739] thr=1   paramiko.transport: MAC: hmac-sha2-256
DEB [20220902-21:22:35.739] thr=1   paramiko.transport: Compression: none
DEB [20220902-21:22:35.739] thr=1   paramiko.transport: === End of kex handshake ===
DEB [20220902-21:22:35.758] thr=1   paramiko.transport: kex engine KexCurve25519 specified hash_algo <built-in function openssl_sha256>
DEB [20220902-21:22:35.759] thr=1   paramiko.transport: Switch to new keys ...
DEB [20220902-21:22:35.760] thr=2   paramiko.transport: Adding ssh-ed25519 host key for 192.168.0.123: b'043d39d1488983c5c78b8a4dfec7777e'
DEB [20220902-21:22:35.762] thr=1   paramiko.transport: Got EXT_INFO: {'server-sig-algs': b'ssh-ed25519,sk-ssh-ed25519@openssh.com,ssh-rsa,rsa-sha2-256,rsa-sha2-512,ssh-dss,ecdsa-sha2-nistp256,ecdsa-sha2-nistp384,ecdsa-sha2-nistp521,sk-ecdsa-sha2-nistp256@openssh.com,webauthn-sk-ecdsa-sha2-nistp256@openssh.com', 'publickey-hostbound@openssh.com': b'0'}
DEB [20220902-21:22:35.892] thr=2   paramiko.transport: Trying discovered key b'739cb7752e708bb6d50394cbaf1c3b83' in C:\Users\Administrator/.ssh/id_rsa
DEB [20220902-21:22:35.894] thr=1   paramiko.transport: userauth is OK
DEB [20220902-21:22:35.894] thr=1   paramiko.transport: Finalizing pubkey algorithm for key of type 'ssh-rsa'
DEB [20220902-21:22:35.894] thr=1   paramiko.transport: Our pubkey algorithm list: ['rsa-sha2-512', 'rsa-sha2-256', 'ssh-rsa']
DEB [20220902-21:22:35.894] thr=1   paramiko.transport: Server-side algorithm list: ['ssh-ed25519', 'sk-ssh-ed25519@openssh.com', 'ssh-rsa', 'rsa-sha2-256', 'rsa-sha2-512', 'ssh-dss', 'ecdsa-sha2-nistp256', 'ecdsa-sha2-nistp384', 'ecdsa-sha2-nistp521', 'sk-ecdsa-sha2-nistp256@openssh.com', 'webauthn-sk-ecdsa-sha2-nistp256@openssh.com']
DEB [20220902-21:22:35.894] thr=1   paramiko.transport: Agreed upon 'rsa-sha2-512' pubkey algorithm
INF [20220902-21:22:35.912] thr=1   paramiko.transport: Authentication (publickey) failed.
DEB [20220902-21:22:35.914] thr=1   paramiko.transport: userauth is OK
INF [20220902-21:22:39.967] thr=1   paramiko.transport: Authentication (password) failed.
DEB [20220902-21:22:39.986] thr=1   paramiko.transport: EOF in transport thread
DEB [20220902-23:11:25.681] thr=1   paramiko.transport: starting thread (client mode): 0x4ade5a80
DEB [20220902-23:11:25.682] thr=1   paramiko.transport: Local version/idstring: SSH-2.0-paramiko_2.11.0
DEB [20220902-23:11:25.709] thr=1   paramiko.transport: Remote version/idstring: SSH-2.0-OpenSSH_8.9p1 Ubuntu-3
INF [20220902-23:11:25.709] thr=1   paramiko.transport: Connected (version 2.0, client OpenSSH_8.9p1)
DEB [20220902-23:11:25.713] thr=1   paramiko.transport: === Key exchange possibilities ===
DEB [20220902-23:11:25.713] thr=1   paramiko.transport: kex algos: curve25519-sha256, curve25519-sha256@libssh.org, ecdh-sha2-nistp256, ecdh-sha2-nistp384, ecdh-sha2-nistp521, sntrup761x25519-sha512@openssh.com, diffie-hellman-group-exchange-sha256, diffie-hellman-group16-sha512, diffie-hellman-group18-sha512, diffie-hellman-group14-sha256
DEB [20220902-23:11:25.714] thr=1   paramiko.transport: server key: rsa-sha2-512, rsa-sha2-256, ecdsa-sha2-nistp256, ssh-ed25519
DEB [20220902-23:11:25.714] thr=1   paramiko.transport: client encrypt: chacha20-poly1305@openssh.com, aes128-ctr, aes192-ctr, aes256-ctr, aes128-gcm@openssh.com, aes256-gcm@openssh.com
DEB [20220902-23:11:25.714] thr=1   paramiko.transport: server encrypt: chacha20-poly1305@openssh.com, aes128-ctr, aes192-ctr, aes256-ctr, aes128-gcm@openssh.com, aes256-gcm@openssh.com
DEB [20220902-23:11:25.714] thr=1   paramiko.transport: client mac: umac-64-etm@openssh.com, umac-128-etm@openssh.com, hmac-sha2-256-etm@openssh.com, hmac-sha2-512-etm@openssh.com, hmac-sha1-etm@openssh.com, umac-64@openssh.com, umac-128@openssh.com, hmac-sha2-256, hmac-sha2-512, hmac-sha1
DEB [20220902-23:11:25.714] thr=1   paramiko.transport: server mac: umac-64-etm@openssh.com, umac-128-etm@openssh.com, hmac-sha2-256-etm@openssh.com, hmac-sha2-512-etm@openssh.com, hmac-sha1-etm@openssh.com, umac-64@openssh.com, umac-128@openssh.com, hmac-sha2-256, hmac-sha2-512, hmac-sha1
DEB [20220902-23:11:25.714] thr=1   paramiko.transport: client compress: none, zlib@openssh.com
DEB [20220902-23:11:25.714] thr=1   paramiko.transport: server compress: none, zlib@openssh.com
DEB [20220902-23:11:25.714] thr=1   paramiko.transport: client lang: <none>
DEB [20220902-23:11:25.714] thr=1   paramiko.transport: server lang: <none>
DEB [20220902-23:11:25.714] thr=1   paramiko.transport: kex follows: False
DEB [20220902-23:11:25.714] thr=1   paramiko.transport: === Key exchange agreements ===
DEB [20220902-23:11:25.714] thr=1   paramiko.transport: Kex: curve25519-sha256@libssh.org
DEB [20220902-23:11:25.714] thr=1   paramiko.transport: HostKey: ssh-ed25519
DEB [20220902-23:11:25.714] thr=1   paramiko.transport: Cipher: aes128-ctr
DEB [20220902-23:11:25.714] thr=1   paramiko.transport: MAC: hmac-sha2-256
DEB [20220902-23:11:25.714] thr=1   paramiko.transport: Compression: none
DEB [20220902-23:11:25.714] thr=1   paramiko.transport: === End of kex handshake ===
DEB [20220902-23:11:25.732] thr=1   paramiko.transport: kex engine KexCurve25519 specified hash_algo <built-in function openssl_sha256>
DEB [20220902-23:11:25.732] thr=1   paramiko.transport: Switch to new keys ...
DEB [20220902-23:11:25.734] thr=2   paramiko.transport: Adding ssh-ed25519 host key for 192.168.0.123: b'043d39d1488983c5c78b8a4dfec7777e'
DEB [20220902-23:11:25.735] thr=1   paramiko.transport: Got EXT_INFO: {'server-sig-algs': b'ssh-ed25519,sk-ssh-ed25519@openssh.com,ssh-rsa,rsa-sha2-256,rsa-sha2-512,ssh-dss,ecdsa-sha2-nistp256,ecdsa-sha2-nistp384,ecdsa-sha2-nistp521,sk-ecdsa-sha2-nistp256@openssh.com,webauthn-sk-ecdsa-sha2-nistp256@openssh.com', 'publickey-hostbound@openssh.com': b'0'}
DEB [20220902-23:11:25.864] thr=2   paramiko.transport: Trying discovered key b'739cb7752e708bb6d50394cbaf1c3b83' in C:\Users\Administrator/.ssh/id_rsa
DEB [20220902-23:11:25.866] thr=1   paramiko.transport: userauth is OK
DEB [20220902-23:11:25.866] thr=1   paramiko.transport: Finalizing pubkey algorithm for key of type 'ssh-rsa'
DEB [20220902-23:11:25.866] thr=1   paramiko.transport: Our pubkey algorithm list: ['rsa-sha2-512', 'rsa-sha2-256', 'ssh-rsa']
DEB [20220902-23:11:25.866] thr=1   paramiko.transport: Server-side algorithm list: ['ssh-ed25519', 'sk-ssh-ed25519@openssh.com', 'ssh-rsa', 'rsa-sha2-256', 'rsa-sha2-512', 'ssh-dss', 'ecdsa-sha2-nistp256', 'ecdsa-sha2-nistp384', 'ecdsa-sha2-nistp521', 'sk-ecdsa-sha2-nistp256@openssh.com', 'webauthn-sk-ecdsa-sha2-nistp256@openssh.com']
DEB [20220902-23:11:25.866] thr=1   paramiko.transport: Agreed upon 'rsa-sha2-512' pubkey algorithm
INF [20220902-23:11:25.882] thr=1   paramiko.transport: Authentication (publickey) failed.
DEB [20220902-23:11:25.883] thr=1   paramiko.transport: userauth is OK
INF [20220902-23:11:29.936] thr=1   paramiko.transport: Authentication (password) failed.
DEB [20220902-23:11:29.957] thr=1   paramiko.transport: EOF in transport thread
