当前时间为:2022-08-21 22:55:11


########################计算开始####################################
python脚本为:
-rw-r--r-- 1 root root     201 Aug 20 22:33 1to100_2.py
-rw-r--r-- 1 root root     214 Aug 20 22:33 1to100.py
-rw-r--r-- 1 root root     695 Aug 20 22:33 222.py
-rw-r--r-- 1 root root    1114 Aug 20 22:33 234.py
-rw-r--r-- 1 root root     413 Aug 20 22:33 345.py
-rw-r--r-- 1 root root     664 Aug 20 22:33 activator_ssh.py
-rw-r--r-- 1 root root     203 Aug 20 22:33 baiqianbaiji.py
-rw-r--r-- 1 root root     184 Aug 20 22:33 bianli_list.py
-rw-r--r-- 1 root root     302 Aug 20 22:33 char_tongji.py
-rw-r--r-- 1 root root     162 Aug 20 22:33 chengfabiao2.py
-rw-r--r-- 1 root root     166 Aug 20 22:33 chengfabiao.py
-rw-r--r-- 1 root root     283 Aug 20 22:33 cicle.py
-rw-r--r-- 1 root root     151 Aug 20 22:33 count_bin2.py
-rw-r--r-- 1 root root     155 Aug 20 22:33 count_bin.py
-rw-r--r-- 1 root root     169 Aug 20 22:33 count_char.py
-rw-r--r-- 1 root root     148 Aug 20 22:33 count_erjinzhi2.py
-rw-r--r-- 1 root root     289 Aug 20 22:33 count_erjinzhi.py
-rw-r--r-- 1 root root     510 Aug 20 22:33 count_vote.py
-rw-r--r-- 1 root root     199 Aug 20 22:33 count_word2.py
-rw-r--r-- 1 root root     174 Aug 20 22:33 count_word3.py
-rw-r--r-- 1 root root     215 Aug 20 22:33 count_word4.py
-rw-r--r-- 1 root root     273 Aug 20 22:33 count_word.py
-rw-r--r-- 1 root root      97 Aug 20 22:33 count_words.py
-rw-r--r-- 1 root root     126 Aug 20 22:33 daoxu_lianxuzifu.py
-rw-r--r-- 1 root root     123 Aug 20 22:33 daoxu_lianxuzifu_simple.py
-rw-r--r-- 1 root root     131 Aug 20 22:33 daoxu_str2.py
-rw-r--r-- 1 root root     173 Aug 20 22:33 daoxu_str3.py
-rw-r--r-- 1 root root     110 Aug 20 22:33 daoxu_str4.py
-rw-r--r-- 1 root root     148 Aug 20 22:33 daoxu_str5.py
-rw-r--r-- 1 root root     169 Aug 20 22:33 daoxu_str.py
-rw-r--r-- 1 root root     227 Aug 20 22:33 date_day.py
-rw-r--r-- 1 root root     143 Aug 20 22:33 del1.py
-rw-r--r-- 1 root root     255 Aug 20 22:33 del2.py
-rw-r--r-- 1 root root     369 Aug 20 22:33 del3.py
-rw-r--r-- 1 root root     370 Aug 20 22:33 del4.py
-rw-r--r-- 1 root root     219 Aug 20 22:33 dengchashulie2.py
-rw-r--r-- 1 root root     234 Aug 20 22:33 dengchashulie.py
-rw-r--r-- 1 root root     154 Aug 20 22:33 diandao_num2.py
-rw-r--r-- 1 root root     100 Aug 20 22:33 diandao_num.py
-rw-r--r-- 1 root root     198 Aug 20 22:33 fenge8_str.py
-rw-r--r-- 1 root root     153 Aug 20 22:33 file2.py
-rw-r--r-- 1 root root     176 Aug 20 22:33 file_find.py
-rw-r--r-- 1 root root     185 Aug 20 22:33 file_write.py
-rwxr-xr-x 1 root root     408 Aug 20 22:33 gaojie_fun.py
-rw-r--r-- 1 root root 1775835 Aug 20 22:33 get-pip.py
-rw-r--r-- 1 root root    1382 Aug 20 22:33 gougushu2.py
-rw-r--r-- 1 root root     440 Aug 20 22:33 gougushu3.py
-rw-r--r-- 1 root root    1348 Aug 20 22:33 gougushuzu2.py
-rw-r--r-- 1 root root     441 Aug 20 22:33 gougushuzu3.py
-rw-r--r-- 1 root root    1176 Aug 20 22:33 gougushuzu.py
-rw-r--r-- 1 root root     759 Aug 20 22:33 he_zhishu.py
-rw-r--r-- 1 root root     213 Aug 20 22:33 huiwen2.py
-rw-r--r-- 1 root root     281 Aug 20 22:33 huiwen3.py
-rw-r--r-- 1 root root     251 Aug 20 22:33 huiwen.py
-rw-r--r-- 1 root root     356 Aug 20 22:33 instance_lei2.py
-rw-r--r-- 1 root root     253 Aug 20 22:33 instance_lei.py
-rw-r--r-- 1 root root     233 Aug 20 22:33 isupper_word.py
-rw-r--r-- 1 root root     145 Aug 20 22:33 jiequ_string2.py
-rw-r--r-- 1 root root      74 Aug 20 22:33 jiequ_string.py
-rw-r--r-- 1 root root     256 Aug 20 22:33 jinshizhi.py
-rw-r--r-- 1 root root     159 Aug 20 22:33 jinzhi_16to10.py
-rw-r--r-- 1 root root     353 Aug 20 22:33 jinzhi2.py
-rw-r--r-- 1 root root     289 Aug 20 22:33 jinzhi.py
-rw-r--r-- 1 root root     161 Aug 20 22:33 jishu.py
-rw-r--r-- 1 root root   11575 Aug 20 22:33 kj_ap_check.py
-rw-r--r-- 1 root root     387 Aug 20 22:33 least_string.py
-rw-r--r-- 1 root root     303 Aug 20 22:33 lei111.py
-rw-r--r-- 1 root root     269 Aug 20 22:33 lei2.py
-rw-r--r-- 1 root root     301 Aug 20 22:33 lei_init.py
-rw-r--r-- 1 root root     371 Aug 20 22:33 lei.py
-rw-r--r-- 1 root root     156 Aug 20 22:33 length_lastword.py
-rw-r--r-- 1 root root     156 Aug 20 22:33 length_str.py
-rw-r--r-- 1 root root     218 Aug 20 22:33 letter.py
-rw-r--r-- 1 root root     129 Aug 20 22:33 liebiao.py
-rw-r--r-- 1 root root     231 Aug 20 22:33 lifanggen.py
-rw-r--r-- 1 root root     582 Aug 20 22:33 log_clean.py
-rw-r--r-- 1 root root     332 Aug 20 22:33 longest_huiwen.py
-rw-r--r-- 1 root root     409 Aug 20 22:33 longest_string2.py
-rw-r--r-- 1 root root     367 Aug 20 22:33 longest_string.py
-rw-r--r-- 1 root root    9323 Aug 20 22:33 ltp.py
-rw-r--r-- 1 root root     584 Aug 20 22:33 main_cicle.py
-rw-r--r-- 1 root root     477 Aug 20 22:33 main_liangshuzhihe.py
-rw-r--r-- 1 root root     592 Aug 20 22:33 main_yunsuan.py
-rw-r--r-- 1 root root     270 Aug 20 22:33 merge_recode.py
-rw-r--r-- 1 root root     299 Aug 20 22:33 mianshi_add2.py
-rw-r--r-- 1 root root     303 Aug 20 22:33 mianshi_add.py
-rw-r--r-- 1 root root     245 Aug 20 22:33 mianshi_area.py
-rw-r--r-- 1 root root     302 Aug 20 22:33 mianshi_likou_liangshuzhihe.py
-rw-r--r-- 1 root root     173 Aug 20 22:33 mianshi.py
-rw-r--r-- 1 root root     118 Aug 20 22:33 module.py
-rw-r--r-- 1 root root     507 Aug 20 22:33 nearest2.py
-rw-r--r-- 1 root root     507 Aug 20 22:33 nearest_zhishu2.py
-rw-r--r-- 1 root root     520 Aug 20 22:33 nearest_zhishu.py
-rw-r--r-- 1 root root     286 Aug 20 22:33 network_ip.py
-rw-r--r-- 1 root root     230 Aug 20 22:33 nixu_juzi2.py
-rw-r--r-- 1 root root     163 Aug 20 22:33 nixu_juzi3.py
-rw-r--r-- 1 root root     300 Aug 20 22:33 nixu_juzi4.py
-rw-r--r-- 1 root root     197 Aug 20 22:33 nixu_juzi5.py
-rw-r--r-- 1 root root     145 Aug 20 22:33 nixu_juzi.py
-rw-r--r-- 1 root root     234 Aug 20 22:33 node_lianbiao.py
-rw-r--r-- 1 root root     284 Aug 20 22:33 onetime_char.py
-rw-r--r-- 1 root root     265 Aug 20 22:33 os_instance.py
-rw-r--r-- 1 root root     250 Aug 20 22:33 paixu2.py
-rw-r--r-- 1 root root     201 Aug 20 22:33 paixu3.py
-rw-r--r-- 1 root root     140 Aug 20 22:33 paixu_elm.py
-rw-r--r-- 1 root root     170 Aug 20 22:33 paixu.py
-rw-r--r-- 1 root root     191 Aug 20 22:33 paixu_string2.py
-rw-r--r-- 1 root root     242 Aug 20 22:33 paixu_string.py
-rw-r--r-- 1 root root     144 Aug 20 22:33 qiuzhi2.py
-rw-r--r-- 1 root root      59 Aug 20 22:33 qiuzhi.py
-rw-r--r-- 1 root root     250 Aug 20 22:33 rand_suijishu.py
-rw-r--r-- 1 root root     176 Aug 20 22:33 repair_picture.py
-rw-r--r-- 1 root root    3686 Aug 20 22:33 run.py
-rw-r--r-- 1 root root     421 Aug 20 22:33 score_paixu.py
-rw-r--r-- 1 root root     256 Aug 20 22:33 shuixianhua2.py
-rw-r--r-- 1 root root     195 Aug 20 22:33 shuixianhua.py
-rw-r--r-- 1 root root     166 Aug 20 22:33 singer_num.py
-rw-r--r-- 1 root root     129 Aug 20 22:33 sizeyunsuan.py
-rw-r--r-- 1 root root     147 Aug 20 22:33 str_len.py
-rw-r--r-- 1 root root     354 Aug 20 22:33 suijishu_mingming.py
-rw-r--r-- 1 root root     245 Aug 20 22:33 suiji_word.py
-rw-r--r-- 1 root root     447 Aug 20 22:33 telnet123.py
-rw-r--r-- 1 root root    2224 Aug 20 22:33 telnet234.py
-rw-r--r-- 1 root root     211 Aug 20 22:33 test11.py
-rw-r--r-- 1 root root     338 Aug 21 10:17 test22.py
-rw-r--r-- 1 root root     338 Aug 20 22:33 test.py
-rw-r--r-- 1 root root     278 Aug 20 22:33 tiao7.py
-rw-r--r-- 1 root root     348 Aug 20 22:33 wanquanshu.py
-rw-r--r-- 1 root root     439 Aug 20 22:33 word_tongji2.py
-rw-r--r-- 1 root root     352 Aug 20 22:33 word_tongji.py
-rw-r--r-- 1 root root     183 Aug 20 22:33 yanghuisanjiao.py
-rw-r--r-- 1 root root     535 Aug 20 22:33 yunsuan.py
-rw-r--r-- 1 root root     194 Aug 20 22:33 zhishu2.py
-rw-r--r-- 1 root root     180 Aug 20 22:33 zhishu3.py
-rw-r--r-- 1 root root     246 Aug 20 22:33 zhishu_flag2.py
-rw-r--r-- 1 root root     246 Aug 20 22:33 zhishu_flag.py
-rw-r--r-- 1 root root     245 Aug 20 22:33 zhishu.py
-rw-r--r-- 1 root root     203 Aug 20 22:33 zhishuyinzi.py
-rw-r--r-- 1 root root     109 Aug 20 22:33 zhuanghuanfu.py
-rwxr-xr-x 1 root root     386 Aug 21 19:37 zhuangshiqi.py
-rw-r--r-- 1 root root      94 Aug 20 22:33 zhuangyifu.py

shell脚本为:
-rw-r--r-- 1 root root  1186 Aug 20 22:33 device_info.sh
-rw-r--r-- 1 root root 22313 Aug 20 22:33 fun_ethernet.sh
-rw-r--r-- 1 root root  5070 Aug 20 22:33 fun_gpu.sh
-rw-r--r-- 1 root root  3969 Aug 20 22:33 fun_wifi.sh
-rw-r--r-- 1 root root   536 Aug 21 12:51 gougu.sh
-rw-r--r-- 1 root root   780 Aug 20 22:33 ips22.sh
-rw-r--r-- 1 root root   642 Aug 20 22:33 ips.sh
-rw-r--r-- 1 root root   122 Aug 20 22:33 netperf-client-install.sh
-rw-r--r-- 1 root root  3031 Aug 20 22:33 netperf_test.sh
-rw-r--r-- 1 root root   420 Aug 20 22:33 S3_100.sh
-rw-r--r-- 1 root root   421 Aug 20 22:33 S4_100.sh
-rw-r--r-- 1 root root   856 Aug 20 22:33 sftp_upload.sh
-rwxr-xr-x 1 root root   739 Aug 21 22:54 temp.sh
-rw-r--r-- 1 root root 14953 Aug 20 22:33 utcs_autocheck_ethernet_local.sh
-rw-r--r-- 1 root root  5199 Aug 20 22:33 utcs_autocheck_more_local.sh
-rw-r--r-- 1 root root  3027 Aug 20 22:33 utcs_autocheck_video_local.sh
-rw-r--r-- 1 root root  3820 Aug 20 22:33 utcs_autocheck_wifi_local.sh

该文件夹下包括141个python脚本，17个shell脚本!


########################计算结束####################################



