
æµ‹è¯•å¼€å§‹æ—¶é—´ä¸º:2023-04-02 09:36:25.102909


####################[exec_cmd]è„šæœ¬æµ‹è¯•æ‰§è¡Œå¼€å§‹!####################


192.168.3.123ç™»å½•æˆåŠŸ!


å‘½ä»¤archæ‰§è¡Œç»“æœï¼š
arch
x86_64
root@chenjingv:/home/chenjingv# 

å‘½ä»¤pwdæ‰§è¡Œç»“æœï¼š
pwd
/home/chenjingv
root@chenjingv:/home/chenjingv# 

å‘½ä»¤uname -ræ‰§è¡Œç»“æœï¼š
uname -r
5.19.0-38-generic
root@chenjingv:/home/chenjingv# 

----------------------------------------å½“å‰ç”¨ä¾‹æµ‹è¯•ç»“æœä¸º:pass


####################[exec_cmd]è„šæœ¬æµ‹è¯•æ‰§è¡Œç»“æŸ!####################


####################[check_ssh]è„šæœ¬æµ‹è¯•æ‰§è¡Œå¼€å§‹!####################


192.168.3.123ç™»å½•æˆåŠŸ!


å‘½ä»¤ip add | grep inet -C2æ‰§è¡Œç»“æœï¼š
ip add | grep inet -C2
1: lo: <LOOPBACK,UP,LOWER_UP> mtu 65536 qdisc noqueue state UNKNOWN group default qlen 1000
    link/loopback 00:00:00:00:00:00 brd 00:00:00:00:00:00
    [01;31m[Kinet[m[K 127.0.0.1/8 scope host lo
       valid_lft forever preferred_lft forever
    [01;31m[Kinet[m[K6 ::1/128 scope host 
       valid_lft forever preferred_lft forever
2: ens33: <BROADCAST,MULTICAST,UP,LOWER_UP> mtu 1500 qdisc fq_codel state UP group default qlen 1000
    link/ether 00:0c:29:f4:79:05 brd ff:ff:ff:ff:ff:ff
    altname enp2s1
    [01;31m[Kinet[m[K 192.168.3.123/24 brd 192.168.3.255 scope global noprefixroute ens33
       valid_lft forever preferred_lft forever
    [01;31m[Kinet[m[K6 fe80::4010:9894:7184:fd38/64 scope link noprefixroute 
       valid_lft forever preferred_lft forever
root@chenjingv:/home/chenjingv# 

å‘½ä»¤ps -ef | grep sshdæ‰§è¡Œç»“æœï¼š
ps -ef | grep sshd
root         932       1  0 4æœˆ01 ?       00:00:00 [01;31m[Ksshd[m[K: /usr/sbin/[01;31m[Ksshd[m[K -D [listener] 0 of 10-100 startups
root       22655     932  0 03:41 ?        00:00:00 [01;31m[Ksshd[m[K: chenjingv [priv]
chenjin+   22733   22655  0 03:41 ?        00:00:04 [01;31m[Ksshd[m[K: chenjingv@pts/0
root       24304     932  0 04:53 ?        00:00:00 [01;31m[Ksshd[m[K: chenjingv [priv]
chenjin+   24382   24304  0 04:53 ?        00:00:21 [01;31m[Ksshd[m[K: chenjingv@pts/1
root       39243   39234  0 09:36 pts/4    00:00:00 grep --color=auto [01;31m[Ksshd[m[K
root@chenjingv:/home/chenjingv# 

å‘½ä»¤netstat -anp | grep :22æ‰§è¡Œç»“æœï¼š
netstat -anp | grep :22
tcp        0      0 0.0.0.0[01;31m[K:22[m[K              0.0.0.0:*               LISTEN      932/sshd: /usr/sbin 
tcp        0      0 192.168.3.123[01;31m[K:22[m[K        192.168.3.13:57395      ESTABLISHED 22655/sshd: chenjin 
tcp        0      0 192.168.3.123[01;31m[K:22[m[K        192.168.3.13:59798      ESTABLISHED 24304/sshd: chenjin 
tcp6       0      0 ::[01;31m[K:22[m[K                   :::*                    LISTEN      932/sshd: /usr/sbin 
root@chenjingv:/home/chenjingv# 

----------------------------------------å½“å‰ç”¨ä¾‹æµ‹è¯•ç»“æœä¸º:fail


####################[check_ssh]è„šæœ¬æµ‹è¯•æ‰§è¡Œç»“æŸ!####################

