
start_time is:2023-03-02-20:15:17

/home/chenjingv

x86_64

Package        Version

-------------- -------

attrs          22.1.0

bcrypt         4.0.0

cffi           1.15.1

cryptography   39.0.1

exceptiongroup 1.0.0

fix            1.0.3

iniconfig      1.1.1

let            1.0.1

logzero        1.7.0

packaging      21.3

paramiko       3.0.0

pip            23.0.1

pluggy         1.0.0

pycparser      2.21

pycrypto       2.6.1

PyMySQL        1.0.2

PyNaCl         1.5.0

pytest         7.2.0

scapy          2.4.5

setuptools     59.6.0

telnetlib3     2.0.0

tomli          2.0.1

typing         3.7.4.3

wheel          0.37.1


end_time is:2023-03-02-20:15:17

