
æµ‹è¯•å¼€å§‹æ—¶é—´ä¸º:2023-04-01 20:32:15.640239


####################exec_cmdè„šæœ¬æµ‹è¯•æ‰§è¡Œå¼€å§‹!####################


WARNING:root:192.168.3.123ç™»å½•æˆåŠŸ!


å‘½ä»¤archæ‰§è¡Œç»“æœï¼š
arch
x86_64
root@chenjingv:/home/chenjingv# 

å‘½ä»¤pwdæ‰§è¡Œç»“æœï¼š
pwd
/home/chenjingv
root@chenjingv:/home/chenjingv# 

å‘½ä»¤uname -ræ‰§è¡Œç»“æœï¼š
uname -r
5.19.0-38-generic
root@chenjingv:/home/chenjingv# 

----------------------------------------å½“å‰ç”¨ä¾‹æµ‹è¯•ç»“æœä¸º:pass


####################exec_cmdè„šæœ¬æµ‹è¯•æ‰§è¡Œç»“æŸ!####################


####################check_sshè„šæœ¬æµ‹è¯•æ‰§è¡Œå¼€å§‹!####################


WARNING:root:192.168.3.123ç™»å½•æˆåŠŸ!


å‘½ä»¤ps -ef |grep sshdæ‰§è¡Œç»“æœï¼š
ps -ef |grep sshd
root         932       1  0 14:02 ?        00:00:00 [01;31m[Ksshd[m[K: /usr/sbin/[01;31m[Ksshd[m[K -D [listener] 0 of 10-100 startups
root       22655     932  0 19:43 ?        00:00:00 [01;31m[Ksshd[m[K: chenjingv [priv]
chenjin+   22733   22655  0 19:43 ?        00:00:03 [01;31m[Ksshd[m[K: chenjingv@pts/0
root       24250   24243  0 20:32 pts/3    00:00:00 grep --color=auto [01;31m[Ksshd[m[K
root@chenjingv:/home/chenjingv# 
ps -ef |grep sshd
root         932       1  0 14:02 ?        00:00:00 [01;31m[Ksshd[m[K: /usr/sbin/[01;31m[Ksshd[m[K -D [listener] 0 of 10-100 startups
root       22655     932  0 19:43 ?        00:00:00 [01;31m[Ksshd[m[K: chenjingv [priv]
chenjin+   22733   22655  0 19:43 ?        00:00:03 [01;31m[Ksshd[m[K: chenjingv@pts/0
root       24250   24243  0 20:32 pts/3    00:00:00 grep --color=auto [01;31m[Ksshd[m[K
root@chenjingv:/home/chenjingv# 


å‘½ä»¤netstat -anp | grep :22æ‰§è¡Œç»“æœï¼š
netstat -anp | grep :22
tcp        0      0 0.0.0.0[01;31m[K:22[m[K              0.0.0.0:*               LISTEN      932/sshd: /usr/sbin 
tcp        0      0 192.168.3.123[01;31m[K:22[m[K        192.168.3.13:57395      ESTABLISHED 22655/sshd: chenjin 
tcp        0      0 192.168.3.123:36120     20.205.243.166[01;31m[K:22[m[K       TIME_WAIT   -                   
tcp6       0      0 ::[01;31m[K:22[m[K                   :::*                    LISTEN      932/sshd: /usr/sbin 
root@chenjingv:/home/chenjingv# 
netstat -anp | grep :22
tcp        0      0 0.0.0.0[01;31m[K:22[m[K              0.0.0.0:*               LISTEN      932/sshd: /usr/sbin 
tcp        0      0 192.168.3.123[01;31m[K:22[m[K        192.168.3.13:57395      ESTABLISHED 22655/sshd: chenjin 
tcp        0      0 192.168.3.123:36120     20.205.243.166[01;31m[K:22[m[K       TIME_WAIT   -                   
tcp6       0      0 ::[01;31m[K:22[m[K                   :::*                    LISTEN      932/sshd: /usr/sbin 
root@chenjingv:/home/chenjingv# 


----------------------------------------å½“å‰ç”¨ä¾‹æµ‹è¯•ç»“æœä¸º:fail


####################check_sshè„šæœ¬æµ‹è¯•æ‰§è¡Œç»“æŸ!####################

