
Test start time is:Sun Oct  8 16:15:18 2023

####################ã€clear_configã€‘è„šæœ¬æµ‹è¯•æ‰§è¡Œå¼€å§‹!####################

è®¾å¤‡ç™»å½•ä¸­ï¼Œè¯·ç¨å......

172.17.100.214ç™»å½•æˆåŠŸ!

tips:åˆ é™¤æ‰€æœ‰ONUè‡ªå®šä¹‰æ¨¡æ¿......

å‘½ä»¤show interface gpon-onu creation-information | in 3/3æ‰§è¡Œç»“æœ:
show interface gpon-onu creation-information | in 3/3
3/3/1     YHCT00707D3F      gpon    (g)       MONUV664           2023-10-08,16:07:54    active   1024 Def_P_all        1006    Def_VEIP
3/3/2     MONU008385A8      gpon    (g)       MONUH225           2023-10-08,14:55:54    active   116  profile-116      116     profile-116
3/3/3     RCMG4B9800AF      gpon    (g)       GPU040-4G0F0P-TKPSE2023-10-08,15:57:24    active   117  profile-117      117     profile-117
3/3/4     YHCT000102F2      gpon    (g)       YHCTH203           2023-10-08,15:25:24    active   116  profile-116      116     profile-116

GPL116(config)#

å‘½ä»¤show interface gpon-onu online-information | in 3/3æ‰§è¡Œç»“æœ:
show interface gpon-onu online-information | in 3/3
3/3/1      online      1                2023-10-08,16:08:54  --                   --                          
3/3/2      online      96               2023-10-08,14:56:24  --                   --                          
3/3/3      online      1                2023-10-08,15:58:24  --                   --                          
3/3/4      online      96               2023-10-08,15:26:24  --                   --                          

GPL116(config)#

å‘½ä»¤int gpon-olt 3/3æ‰§è¡Œç»“æœ:
int gpon-olt 3/3
GPL116(config-if-gpon-olt-3:3)#

å‘½ä»¤no create gpon-onu 1æ‰§è¡Œç»“æœ:
no create gpon-onu 1
Delete ONU 1 successfully
GPL116(config-if-gpon-olt-3:3)#

å‘½ä»¤

æ‰§è¡Œç»“æœ:

GPL116(config-if-gpon-olt-3:3)#
GPL116(config-if-gpon-olt-3:3)#
GPL116(config-if-gpon-olt-3:3)#

å‘½ä»¤exitæ‰§è¡Œç»“æœ:
exit
GPL116(config)#

å‘½ä»¤no gpon-onu-line-profile 117æ‰§è¡Œç»“æœ:
no gpon-onu-line-profile 117
Profile 117 delete failed
Object line-profile is using
GPL116(config)#

å‘½ä»¤show gpon-onu-line-profile 117æ‰§è¡Œç»“æœ:
show gpon-onu-line-profile 117
LineProfile ID  : 117
LineProfile Name: profile-117
Ref. counter    : 1
  FEC upstream: disable
  OMCC encrypt: disable
  Mapping mode: VLAN
  ------------------------------------------------------------------------------
  T-CONT 0          DBA Profile Name: def_gp_1
  T-CONT 1          DBA Profile Name: chenjingv117
    Gem Index    Encryption       Priority  USPolicing  DSPolicing   MAC limit
                DS        US                                                    
    ----------------------------------------------------------------------------
    1         disable   disable   0         0           0            unlimited
    ----------------------------------------------------------------------------
      Mapping Index  VLAN  Priority  Port Type  Port ID
      ----------------------------------------------------------------
      1              10    --        --         --
      ----------------------------------------------------------------
    Gem Index    Encryption       Priority  USPolicing  DSPolicing   MAC limit
                DS        US                                                    
    ----------------------------------------------------------------------------
    2         disable   disable   0         0           0            unlimited
    ----------------------------------------------------------------------------
      Mapping Index  VLAN  Priority  Port Type  Port ID
      ----------------------------------------------------------------
      2              20    --        --         --
      ----------------------------------------------------------------
    Gem Index    Encryption       Priority  USPolicing  DSPolicing   MAC limit
                DS        US                                                    
    ----------------------------------------------------------------------------
    3         disable   disable   0         0           0            unlimited
    ----------------------------------------------------------------------------
      Mapping Index  VLAN  Priority  Port Type  Port ID
      ----------------------------------------------------------------
      3              30    --        --         --
      ----------------------------------------------------------------
    Gem Index    Encryption       Priority  USPolicing  DSPolicing   MAC limit
                DS        US                                                    
    ----------------------------------------------------------------------------
    4         disable   disable   0         0           0            unlimited
    ----------------------------------------------------------------------------
      Mapping Index  VLAN  Priority  Port Type  Port ID
      ----------------------------------------------------------------
      4              40    --        --         --
      ----------------------------------------------------------------
GPL116(config)#

å‘½ä»¤no gpon-onu-line-profile 118æ‰§è¡Œç»“æœ:
no gpon-onu-line-profile 118
GPL116(config)#

å‘½ä»¤show gpon-onu-line-profile 118æ‰§è¡Œç»“æœ:
show gpon-onu-line-profile 118
GPL116(config)#

å‘½ä»¤no gpon-onu-service-profile 117æ‰§è¡Œç»“æœ:
no gpon-onu-service-profile 117
Profile 117 delete failed
Object service-profile is using
GPL116(config)#

å‘½ä»¤show gpon-onu-service-profile 117 | section-end WLANæ‰§è¡Œç»“æœ:
show gpon-onu-service-profile 117 | section-end WLAN
ServiceProfile ID  : 117
ServiceProfile Name: profile-117
Ref. counter       : 1
  MAC learning              : enable
  MAC aging time(seconds)   : 300
  Switchport isolation      : enable
  DLF discard               : disable
  Multicast mode            : snooping
  VOIP type                 : sip
  Iphost Num                : 2
  Country code              : undefine
  Time zone                 : undefine
  VOIP IPhost Id            : 1
  MNG-SVR IPhost Id         : 0
  MNG-SVR PRI-Domain        : --
  MNG-SVR BAK-Domain        : --
  ---------------------------------------------------------
  Type      Port Num
  ---------------------------------------------------------
  Ethernet  4
  POTS      0
  VEIP      0
  CATV      0
  WLAN      0
GPL116(config)#

å‘½ä»¤no gpon-onu-service-profile 118æ‰§è¡Œç»“æœ:
no gpon-onu-service-profile 118
GPL116(config)#

å‘½ä»¤show gpon-onu-service-profile 118 | section-end WLANæ‰§è¡Œç»“æœ:
show gpon-onu-service-profile 118 | section-end WLAN
GPL116(config)#

å‘½ä»¤no creat dba-profile 117æ‰§è¡Œç»“æœ:
no creat dba-profile 117
Profile 117 delete failed
Object is using
GPL116(config)#

å‘½ä»¤show dba-profile 117æ‰§è¡Œç»“æœ:
show dba-profile 117
Profile ID  Profile Name      Type   Fix(Kbps)  Assure(Kbps)  Max(Kbps)  AddBwMode      Priority  Weight  Method    Ref
-----------------------------------------------------------------------------------------------------------------------
117         chenjingv117      type4  0          0             1024000    best-effort    0         0       TM        2   
GPL116(config)#

å‘½ä»¤no creat dba-profile 118æ‰§è¡Œç»“æœ:
no creat dba-profile 118
GPL116(config)#

å‘½ä»¤show dba-profile 118æ‰§è¡Œç»“æœ:
show dba-profile 118
Profile ID  Profile Name      Type   Fix(Kbps)  Assure(Kbps)  Max(Kbps)  AddBwMode      Priority  Weight  Method    Ref
-----------------------------------------------------------------------------------------------------------------------
GPL116(config)#

å‘½ä»¤show interface gpon-onu creation-information | in 3/3æ‰§è¡Œç»“æœ:
show interface gpon-onu creation-information | in 3/3
3/3/1     YHCT00707D3F      gpon    (g)       --                 2023-10-08,16:14:24    active   --   --               --      --
3/3/2     MONU008385A8      gpon    (g)       MONUH225           2023-10-08,14:55:54    active   116  profile-116      116     profile-116
3/3/3     RCMG4B9800AF      gpon    (g)       GPU040-4G0F0P-TKPSE2023-10-08,15:57:24    active   117  profile-117      117     profile-117
3/3/4     YHCT000102F2      gpon    (g)       YHCTH203           2023-10-08,15:25:24    active   116  profile-116      116     profile-116

GPL116(config)#

å‘½ä»¤show interface gpon-onu online-information | in 3/3æ‰§è¡Œç»“æœ:
show interface gpon-onu online-information | in 3/3
3/3/1      offline     0                --                   --                   --                          
3/3/2      online      96               2023-10-08,14:56:24  --                   --                          
3/3/3      online      1                2023-10-08,15:58:24  --                   --                          
3/3/4      online      96               2023-10-08,15:26:24  --                   --                          

GPL116(config)#

++++++++++++++++++++++++++++++++++++++++å½“å‰ç”¨ä¾‹ã€clear_configã€‘æµ‹è¯•ç»“æœä¸º:pass

####################ã€clear_configã€‘è„šæœ¬æµ‹è¯•æ‰§è¡Œç»“æŸ!####################


####################ã€check_uplink_portã€‘è„šæœ¬æµ‹è¯•æ‰§è¡Œå¼€å§‹!####################

è®¾å¤‡ç™»å½•ä¸­ï¼Œè¯·ç¨å......

172.17.100.214ç™»å½•æˆåŠŸ!

tips:æ£€æŸ¥æµ‹è¯•uplinkçŠ¶æ€......

å‘½ä»¤endæ‰§è¡Œç»“æœ:
end
GPL116#

å‘½ä»¤show interface ten-gigabitethernetæ‰§è¡Œç»“æœ:
show interface ten-gigabitethernet
Port                     Admin    Operate           Speed/Duplex  Flowctrl(R/S)  State       Connector   DownHoldTime(ms)
---------------------------------------------------------------------------------------------------------------------
ten-gigabitethernet10/1  enable   up(1000M/Full)    (1000M/Full)  off/off        Forward     online      0           
ten-gigabitethernet10/2  enable   down              (1000M/Full)  off/off        Forward     offline     0           
ten-gigabitethernet10/3  enable   up(1000M/Full)    (1000M/Full)  off/off        Forward     online      0           
ten-gigabitethernet10/4  enable   down              (1000M/Full)  off/off        Forward     offline     0           

GPL116#

è¯¥uplink 10/3 å·²å­˜åœ¨ï¼Œç¨‹åºç»§ç»­......

++++++++++++++++++++++++++++++++++++++++å½“å‰ç”¨ä¾‹ã€check_uplink_portã€‘æµ‹è¯•ç»“æœä¸º:pass

####################ã€check_uplink_portã€‘è„šæœ¬æµ‹è¯•æ‰§è¡Œç»“æŸ!####################


####################ã€check_downlink_portã€‘è„šæœ¬æµ‹è¯•æ‰§è¡Œå¼€å§‹!####################

è®¾å¤‡ç™»å½•ä¸­ï¼Œè¯·ç¨å......

172.17.100.214ç™»å½•æˆåŠŸ!

tips:æ£€æŸ¥æµ‹è¯•downlinkçŠ¶æ€......

å‘½ä»¤show interface gpon-onu cræ‰§è¡Œç»“æœ:
show interface gpon-onu cr
ONU ID    SN                Onu Type(ACT)     Device Type        Creation Date          State    Line Profile          Service Profile         
                                                                                                 ID   name             ID      name            
------------------------------------------------------------------------------------------------------------------------------------------------------
3/3/1     YHCT00707D3F      gpon    (g)       --                 2023-10-08,16:14:24    active   --   --               --      --
3/3/2     MONU008385A8      gpon    (g)       MONUH225           2023-10-08,14:55:54    active   116  profile-116      116     profile-116
3/3/3     RCMG4B9800AF      gpon    (g)       GPU040-4G0F0P-TKPSE2023-10-08,15:57:24    active   117  profile-117      117     profile-117
3/3/4     YHCT000102F2      gpon    (g)       YHCTH203           2023-10-08,15:25:24    active   116  profile-116      116     profile-116
3/16/1    MONU00AB31F0      gpon    (g)       Unknown            2023-10-08,08:31:01    active   1024 Def_P_all        1006    Def_VEIP
3/16/2    YHCT006F0150      gpon    (g)       Unknown            2023-10-08,08:31:01    active   1024 Def_P_all        1006    Def_VEIP
3/16/3    GPON00002074      gpon    (g)       --                 2023-10-08,08:31:01    active   --   --               --      --

GPL116(config)#

è¯¥downlink 3/3/1 å·²å­˜åœ¨ï¼Œç¨‹åºç»§ç»­......

++++++++++++++++++++++++++++++++++++++++å½“å‰ç”¨ä¾‹ã€check_downlink_portã€‘æµ‹è¯•ç»“æœä¸º:pass

####################ã€check_downlink_portã€‘è„šæœ¬æµ‹è¯•æ‰§è¡Œç»“æŸ!####################


####################ã€uplink_config_autoã€‘è„šæœ¬æµ‹è¯•æ‰§è¡Œå¼€å§‹!####################

è®¾å¤‡ç™»å½•ä¸­ï¼Œè¯·ç¨å......

172.17.100.214ç™»å½•æˆåŠŸ!

tips:é…ç½®uplink......

å‘½ä»¤creat vlan 10,20,30,40,4000,1011-1020 activeæ‰§è¡Œç»“æœ:
creat vlan 10,20,30,40,4000,1011-1020 active
Already existed vlans: 10,20,30,40,1011-1020,4000,can not be created again.
GPL116(config)#

å‘½ä»¤endæ‰§è¡Œç»“æœ:
OCT-08-2023 16:15:30  gpon-onu-remote-3-gponOnuGemportEntryAdd: gem_port 3/3/1/1 create gemport 161 (ulTunnelId 161) success
OCT-08-2023 16:15:30  gpon-onu-remote-5-Config download: ONU 3/3/1 pon-sys config download success
end
GPL116#

å‘½ä»¤show run interface ten-gigabitethernet 10/3æ‰§è¡Œç»“æœ:
show run interface ten-gigabitethernet 10/3
!command in ten-gigabitethernet_mode
interface ten-gigabitethernet 10/3
speed 1000 
switchport trunk native vlan 4000 
switchport trunk allowed vlan 10,20,30,40,1011-1020,4000 
switchport trunk untagged vlan remove 1 
switchport mode trunk
quit
!
GPL116#

å‘½ä»¤conf tæ‰§è¡Œç»“æœ:
conf t
Configuration mode, one command input per times. End with CTRL-Z.
CONFIG-I:Configured from telnet ...
GPL116(config)#

å‘½ä»¤interface ten-gigabitethernet 10/3æ‰§è¡Œç»“æœ:
interface ten-gigabitethernet 10/3
GPL116(config-if-ten-gigabitethernet-10:3)#

å‘½ä»¤no switchport modeæ‰§è¡Œç»“æœ:
no switchport mode
GPL116(config-if-ten-gigabitethernet-10:3)#OCT-08-2023 16:15:38  gpon-onu-remote-5-Config download: ONU 3/3/1 config download success. 


å‘½ä»¤no switchport access vlanæ‰§è¡Œç»“æœ:
no switchport access vlan
GPL116(config-if-ten-gigabitethernet-10:3)#

å‘½ä»¤no switchport trunk native vlanæ‰§è¡Œç»“æœ:
no switchport trunk native vlan
GPL116(config-if-ten-gigabitethernet-10:3)#

å‘½ä»¤no switchport trunk allowed vlanæ‰§è¡Œç»“æœ:
no switchport trunk allowed vlan
GPL116(config-if-ten-gigabitethernet-10:3)#

å‘½ä»¤no switchport trunk untagged vlanæ‰§è¡Œç»“æœ:
no switchport trunk untagged vlan
GPL116(config-if-ten-gigabitethernet-10:3)#

å‘½ä»¤switchport mode trunkæ‰§è¡Œç»“æœ:
switchport mode trunk
GPL116(config-if-ten-gigabitethernet-10:3)#

å‘½ä»¤switchport trunk native vlan 4000æ‰§è¡Œç»“æœ:
switchport trunk native vlan 4000
GPL116(config-if-ten-gigabitethernet-10:3)#

å‘½ä»¤switchport trunk allowed vlan 10,20,30,40,1011-1020,4000 confirmæ‰§è¡Œç»“æœ:
switchport trunk allowed vlan 10,20,30,40,1011-1020,4000 confirm
GPL116(config-if-ten-gigabitethernet-10:3)#

å‘½ä»¤endæ‰§è¡Œç»“æœ:
end
GPL116#

å‘½ä»¤show run interface ten-gigabitethernet 10/3æ‰§è¡Œç»“æœ:
show run interface ten-gigabitethernet 10/3
!command in ten-gigabitethernet_mode
interface ten-gigabitethernet 10/3
speed 1000 
switchport trunk native vlan 4000 
switchport trunk allowed vlan 10,20,30,40,1011-1020,4000 
switchport trunk untagged vlan remove 1 
switchport mode trunk
quit
!
GPL116#

++++++++++++++++++++++++++++++++++++++++å½“å‰ç”¨ä¾‹ã€uplink_config_autoã€‘æµ‹è¯•ç»“æœä¸º:pass

####################ã€uplink_config_autoã€‘è„šæœ¬æµ‹è¯•æ‰§è¡Œç»“æŸ!####################


####################ã€downlink_config_autoã€‘è„šæœ¬æµ‹è¯•æ‰§è¡Œå¼€å§‹!####################

è®¾å¤‡ç™»å½•ä¸­ï¼Œè¯·ç¨å......

172.17.100.214ç™»å½•æˆåŠŸ!

tips:é…ç½®downlink......

å‘½ä»¤endæ‰§è¡Œç»“æœ:
end
GPL116#

å‘½ä»¤show run interface gpon-olt 3/3æ‰§è¡Œç»“æœ:
show run interface gpon-olt 3/3
!command in gpon-olt_mode
interface gpon-olt 3/3
mac-address-table station move
authorization mode none
create gpon-onu 1 sn YHCT00707D3F line-profile-id 1024 service-profile-id 1006 
create gpon-onu 2 sn MONU008385A8 line-profile-id 116 service-profile-id 116 
create gpon-onu 3 sn RCMG4B9800AF line-profile-id 117 service-profile-id 117 
create gpon-onu 4 sn YHCT000102F2 line-profile-id 116 service-profile-id 116 
switchport trunk allowed vlan 10,20,30,40,1011-1020,4000 
switchport trunk untagged vlan remove 1 
switchport mode trunk
multicast-vlan 4000 member
igmp snooping immediate-leave multicast-vlan 4000
quit
!
GPL116#

å‘½ä»¤conf tæ‰§è¡Œç»“æœ:
conf t
Configuration mode, one command input per times. End with CTRL-Z.
CONFIG-I:Configured from telnet ...
GPL116(config)#

å‘½ä»¤interface gpon-olt 3/3æ‰§è¡Œç»“æœ:
interface gpon-olt 3/3
GPL116(config-if-gpon-olt-3:3)#

å‘½ä»¤mac-address-table station moveæ‰§è¡Œç»“æœ:
mac-address-table station move
GPL116(config-if-gpon-olt-3:3)#

å‘½ä»¤authorization mode noneæ‰§è¡Œç»“æœ:
authorization mode none
GPL116(config-if-gpon-olt-3:3)#

å‘½ä»¤no switchport modeæ‰§è¡Œç»“æœ:
no switchport mode
GPL116(config-if-gpon-olt-3:3)#

å‘½ä»¤no switchport access vlanæ‰§è¡Œç»“æœ:
no switchport access vlan
GPL116(config-if-gpon-olt-3:3)#

å‘½ä»¤no switchport trunk native vlanæ‰§è¡Œç»“æœ:
no switchport trunk native vlan
GPL116(config-if-gpon-olt-3:3)#

å‘½ä»¤no switchport trunk allowed vlanæ‰§è¡Œç»“æœ:
no switchport trunk allowed vlan
GPL116(config-if-gpon-olt-3:3)#

å‘½ä»¤no switchport trunk untagged vlanæ‰§è¡Œç»“æœ:
no switchport trunk untagged vlan
GPL116(config-if-gpon-olt-3:3)#

å‘½ä»¤switchport mode trunkæ‰§è¡Œç»“æœ:
switchport mode trunk
GPL116(config-if-gpon-olt-3:3)#

å‘½ä»¤switchport trunk allowed vlan 10,20,30,40,1011-1020,4000 confirmæ‰§è¡Œç»“æœ:
switchport trunk allowed vlan 10,20,30,40,1011-1020,4000 confirm
GPL116(config-if-gpon-olt-3:3)#

å‘½ä»¤endæ‰§è¡Œç»“æœ:
end
GPL116#

å‘½ä»¤show run interface gpon-olt 3/3æ‰§è¡Œç»“æœ:
show run interface gpon-olt 3/3
!command in gpon-olt_mode
interface gpon-olt 3/3
mac-address-table station move
authorization mode none
create gpon-onu 1 sn YHCT00707D3F line-profile-id 1024 service-profile-id 1006 
create gpon-onu 2 sn MONU008385A8 line-profile-id 116 service-profile-id 116 
create gpon-onu 3 sn RCMG4B9800AF line-profile-id 117 service-profile-id 117 
create gpon-onu 4 sn YHCT000102F2 line-profile-id 116 service-profile-id 116 
switchport trunk allowed vlan 10,20,30,40,1011-1020,4000 
switchport trunk untagged vlan remove 1 
switchport mode trunk
multicast-vlan 4000 member
igmp snooping immediate-leave multicast-vlan 4000
quit
!
GPL116#

++++++++++++++++++++++++++++++++++++++++å½“å‰ç”¨ä¾‹ã€downlink_config_autoã€‘æµ‹è¯•ç»“æœä¸º:pass

####################ã€downlink_config_autoã€‘è„šæœ¬æµ‹è¯•æ‰§è¡Œç»“æŸ!####################


####################ã€dba_config_sfuã€‘è„šæœ¬æµ‹è¯•æ‰§è¡Œå¼€å§‹!####################

è®¾å¤‡ç™»å½•ä¸­ï¼Œè¯·ç¨å......

172.17.100.214ç™»å½•æˆåŠŸ!

tips:é…ç½®dba-profile 117......

å‘½ä»¤show dba-profile 117æ‰§è¡Œç»“æœ:

% Bad passwords, too many failures!







ä¸å­˜åœ¨sfuç±»å‹dbaæ¨¡ç‰ˆ-dba-profile 117ï¼Œé…ç½®ä¸­è¯·ç¨å......

å‘½ä»¤create dba-profile 117 name chenjingv117 type4 max 1024000æ‰§è¡Œç»“æœ:
                                                          


å‘½ä»¤show dba-profile 117æ‰§è¡Œç»“æœ:



++++++++++++++++++++++++++++++++++++++++å½“å‰ç”¨ä¾‹ã€dba_config_sfuã€‘æµ‹è¯•ç»“æœä¸º:fail

####################ã€dba_config_sfuã€‘è„šæœ¬æµ‹è¯•æ‰§è¡Œç»“æŸ!####################


####################ã€dba_config_hguã€‘è„šæœ¬æµ‹è¯•æ‰§è¡Œå¼€å§‹!####################

è®¾å¤‡ç™»å½•ä¸­ï¼Œè¯·ç¨å......

172.17.100.214ç™»å½•æˆåŠŸ!

tips:é…ç½®dba-profile 118......

å‘½ä»¤show dba-profile 118æ‰§è¡Œç»“æœ:
admin
Password:
[2J[0;0H
Hello, Welcome to YH(YH) software.
Copyright (c) 2007-2013 Guangzhou Yuhong.

GPL116>OCT-08-2023 16:17:05  scrn-5-LOGIN-A:user: admin Login  FROM IP:192.168.10.222
en
Password:
GPL116#terminal page-break disable
GPL116#conf t
Configuration mode, one command input per times. End with CTRL-Z.
CONFIG-I:Configured from telnet ...
GPL116(config)#show dba-profile 118
Profile ID  Profile Name      Type   Fix(Kbps)  Assure(Kbps)  Max(Kbps)  AddBwMode      Priority  Weight  Method    Ref
-----------------------------------------------------------------------------------------------------------------------
GPL116(config)#

ä¸å­˜åœ¨hguç±»å‹dbaæ¨¡ç‰ˆ-dba-profile 118ï¼Œé…ç½®ä¸­è¯·ç¨å......

å‘½ä»¤create dba-profile 118 name chenjingv118 type4 max 1024000æ‰§è¡Œç»“æœ:
create dba-profile 118 name chenjingv118 type4 max 1024000
GPL116(config)#

å‘½ä»¤show dba-profile 118æ‰§è¡Œç»“æœ:
show dba-profile 118
Profile ID  Profile Name      Type   Fix(Kbps)  Assure(Kbps)  Max(Kbps)  AddBwMode      Priority  Weight  Method    Ref
-----------------------------------------------------------------------------------------------------------------------
118         chenjingv118      type4  0          0             1024000    best-effort    0         0       TM        0   
GPL116(config)#

++++++++++++++++++++++++++++++++++++++++å½“å‰ç”¨ä¾‹ã€dba_config_hguã€‘æµ‹è¯•ç»“æœä¸º:pass

####################ã€dba_config_hguã€‘è„šæœ¬æµ‹è¯•æ‰§è¡Œç»“æŸ!####################


####################ã€line_config_sfuã€‘è„šæœ¬æµ‹è¯•æ‰§è¡Œå¼€å§‹!####################

è®¾å¤‡ç™»å½•ä¸­ï¼Œè¯·ç¨å......

172.17.100.214ç™»å½•æˆåŠŸ!

tips:é…ç½®line-profile 117......

å‘½ä»¤show gpon-onu-line-profile 117æ‰§è¡Œç»“æœ:


ä¸å­˜åœ¨sfuç±»å‹lineæ¨¡ç‰ˆ-line-profile 117ï¼Œé…ç½®ä¸­è¯·ç¨å......

å‘½ä»¤gpon-onu-line-profile 117æ‰§è¡Œç»“æœ:


å‘½ä»¤create tcont 1 dba-profile 117æ‰§è¡Œç»“æœ:


å‘½ä»¤mapping-mode vlanæ‰§è¡Œç»“æœ:


å‘½ä»¤create gem 1 tcont 1æ‰§è¡Œç»“æœ:


å‘½ä»¤gem 1 mapping 1 vlan 10æ‰§è¡Œç»“æœ:


å‘½ä»¤create gem 2 tcont 1æ‰§è¡Œç»“æœ:


å‘½ä»¤gem 2 mapping 2 vlan 20æ‰§è¡Œç»“æœ:


å‘½ä»¤create gem 3 tcont 1æ‰§è¡Œç»“æœ:


å‘½ä»¤gem 3 mapping 3 vlan 30æ‰§è¡Œç»“æœ:


å‘½ä»¤create gem 4 tcont 1æ‰§è¡Œç»“æœ:


å‘½ä»¤gem 4 mapping 4 vlan 40æ‰§è¡Œç»“æœ:


å‘½ä»¤commitæ‰§è¡Œç»“æœ:


å‘½ä»¤exitæ‰§è¡Œç»“æœ:


å‘½ä»¤show gpon-onu-line-profile 117æ‰§è¡Œç»“æœ:


++++++++++++++++++++++++++++++++++++++++å½“å‰ç”¨ä¾‹ã€line_config_sfuã€‘æµ‹è¯•ç»“æœä¸º:fail

####################ã€line_config_sfuã€‘è„šæœ¬æµ‹è¯•æ‰§è¡Œç»“æŸ!####################


####################ã€line_config_hguã€‘è„šæœ¬æµ‹è¯•æ‰§è¡Œå¼€å§‹!####################

è®¾å¤‡ç™»å½•ä¸­ï¼Œè¯·ç¨å......

172.17.100.214ç™»å½•æˆåŠŸ!

tips:é…ç½®line-profile 118......

å‘½ä»¤show gpon-onu-line-profile 118æ‰§è¡Œç»“æœ:
show gpon-onu-line-profile 118
GPL116(config)#

ä¸å­˜åœ¨hguç±»å‹lineæ¨¡ç‰ˆ-line-profile 118ï¼Œé…ç½®ä¸­è¯·ç¨å......

å‘½ä»¤gpon-onu-line-profile 118æ‰§è¡Œç»“æœ:
gpon-onu-line-profile 118
GPL116(config-gpon-onu-line-profile:118)#

å‘½ä»¤create tcont 1 dba-profile 118æ‰§è¡Œç»“æœ:
create tcont 1 dba-profile 118
GPL116(config-gpon-onu-line-profile:118)#

å‘½ä»¤mapping-mode vlanæ‰§è¡Œç»“æœ:
mapping-mode vlan
GPL116(config-gpon-onu-line-profile:118)#

å‘½ä»¤create gem 1 tcont 1æ‰§è¡Œç»“æœ:
create gem 1 tcont 1
GPL116(config-gpon-onu-line-profile:118)#

å‘½ä»¤gem 1 mapping 1 vlan 10æ‰§è¡Œç»“æœ:
gem 1 mapping 1 vlan 10
GPL116(config-gpon-onu-line-profile:118)#

å‘½ä»¤create gem 2 tcont 1æ‰§è¡Œç»“æœ:
create gem 2 tcont 1
GPL116(config-gpon-onu-line-profile:118)#

å‘½ä»¤gem 2 mapping 2 vlan 20æ‰§è¡Œç»“æœ:
gem 2 mapping 2 vlan 20
GPL116(config-gpon-onu-line-profile:118)#

å‘½ä»¤create gem 3 tcont 1æ‰§è¡Œç»“æœ:
create gem 3 tcont 1
GPL116(config-gpon-onu-line-profile:118)#

å‘½ä»¤gem 3 mapping 3 vlan 30æ‰§è¡Œç»“æœ:
gem 3 mapping 3 vlan 30
GPL116(config-gpon-onu-line-profile:118)#

å‘½ä»¤create gem 4 tcont 1æ‰§è¡Œç»“æœ:
create gem 4 tcont 1
GPL116(config-gpon-onu-line-profile:118)#

å‘½ä»¤gem 4 mapping 4 vlan 40æ‰§è¡Œç»“æœ:
gem 4 mapping 4 vlan 40
GPL116(config-gpon-onu-line-profile:118)#

å‘½ä»¤commitæ‰§è¡Œç»“æœ:
commit
GPL116(config-gpon-onu-line-profile:118)#

å‘½ä»¤exitæ‰§è¡Œç»“æœ:
exit
GPL116(config)#

å‘½ä»¤show gpon-onu-line-profile 118æ‰§è¡Œç»“æœ:


++++++++++++++++++++++++++++++++++++++++å½“å‰ç”¨ä¾‹ã€line_config_hguã€‘æµ‹è¯•ç»“æœä¸º:fail

####################ã€line_config_hguã€‘è„šæœ¬æµ‹è¯•æ‰§è¡Œç»“æŸ!####################


####################ã€service_config_sfuã€‘è„šæœ¬æµ‹è¯•æ‰§è¡Œå¼€å§‹!####################

è®¾å¤‡ç™»å½•ä¸­ï¼Œè¯·ç¨å......

tips:é…ç½®service-profile 117......

å‘½ä»¤show gpon-onu-service-profile 117 | section-end WLANæ‰§è¡Œç»“æœ:


ä¸å­˜åœ¨sfuç±»å‹serviceæ¨¡ç‰ˆ-service-profile 117ï¼Œé…ç½®ä¸­è¯·ç¨å......

å‘½ä»¤gpon-onu-service-profile 117æ‰§è¡Œç»“æœ:


å‘½ä»¤port-num ethernet 4æ‰§è¡Œç»“æœ:


å‘½ä»¤uni ethernet 1-4 vlan mode taggedæ‰§è¡Œç»“æœ:


å‘½ä»¤uni ethernet 1 native vlan 10æ‰§è¡Œç»“æœ:


å‘½ä»¤uni ethernet 2 native vlan 20æ‰§è¡Œç»“æœ:


å‘½ä»¤uni ethernet 3 native vlan 30æ‰§è¡Œç»“æœ:


å‘½ä»¤uni ethernet 4 native vlan 40æ‰§è¡Œç»“æœ:


å‘½ä»¤commitæ‰§è¡Œç»“æœ:


å‘½ä»¤exitæ‰§è¡Œç»“æœ:


å‘½ä»¤show gpon-onu-service-profile 117 | section-end WLANæ‰§è¡Œç»“æœ:


++++++++++++++++++++++++++++++++++++++++å½“å‰ç”¨ä¾‹ã€service_config_sfuã€‘æµ‹è¯•ç»“æœä¸º:fail

####################ã€service_config_sfuã€‘è„šæœ¬æµ‹è¯•æ‰§è¡Œç»“æŸ!####################


####################ã€service_config_hguã€‘è„šæœ¬æµ‹è¯•æ‰§è¡Œå¼€å§‹!####################

è®¾å¤‡ç™»å½•ä¸­ï¼Œè¯·ç¨å......

172.17.100.214ç™»å½•æˆåŠŸ!

tips:é…ç½®service-profile 118......

å‘½ä»¤show gpon-onu-service-profile 118 | section-end WLANæ‰§è¡Œç»“æœ:
show gpon-onu-service-profile 118 | section-end WLAN
GPL116(config)#

ä¸å­˜åœ¨hguç±»å‹serviceæ¨¡ç‰ˆ-service-profile 118ï¼Œé…ç½®ä¸­è¯·ç¨å......

å‘½ä»¤gpon-onu-service-profile 118æ‰§è¡Œç»“æœ:
gpon-onu-service-profile 118
GPL116(config-gpon-onu-service-profile:118)#

å‘½ä»¤port-num veip 1æ‰§è¡Œç»“æœ:
port-num veip 1
GPL116(config-gpon-onu-service-profile:118)#

å‘½ä»¤commitæ‰§è¡Œç»“æœ:
commit
GPL116(config-gpon-onu-service-profile:118)#

å‘½ä»¤exitæ‰§è¡Œç»“æœ:
exit
GPL116(config)#

å‘½ä»¤show gpon-onu-service-profile 118 | section-end WLANæ‰§è¡Œç»“æœ:
show gpon-onu-service-profile 118 | section-end WLAN
ServiceProfile ID  : 118
ServiceProfile Name: profile-118
Ref. counter       : 0
  MAC learning              : enable
  MAC aging time(seconds)   : 300
  Switchport isolation      : enable
  DLF discard               : disable
  Multicast mode            : snooping
  VOIP type                 : sip
  Iphost Num                : 2
  Country code              : undefine
  Time zone                 : undefine
  VOIP IPhost Id            : 1
  MNG-SVR IPhost Id         : 0
  MNG-SVR PRI-Domain        : --
  MNG-SVR BAK-Domain        : --
  ---------------------------------------------------------
  Type      Port Num
  ---------------------------------------------------------
  Ethernet  0
  POTS      0
  VEIP      1
  CATV      0
  WLAN      0
GPL116(config)#

++++++++++++++++++++++++++++++++++++++++å½“å‰ç”¨ä¾‹ã€service_config_hguã€‘æµ‹è¯•ç»“æœä¸º:pass

####################ã€service_config_hguã€‘è„šæœ¬æµ‹è¯•æ‰§è¡Œç»“æŸ!####################


####################ã€profile_bindã€‘è„šæœ¬æµ‹è¯•æ‰§è¡Œå¼€å§‹!####################

è®¾å¤‡ç™»å½•ä¸­ï¼Œè¯·ç¨å......

172.17.100.214ç™»å½•æˆåŠŸ!

tips:é…ç½®ç»‘å®šè‡ªå®šä¹‰profile......

å‘½ä»¤show gpon-onu 3/3/1 capability | in ypeæ‰§è¡Œç»“æœ:
show gpon-onu 3/3/1 capability | in ype
    ONU Type                   : hgu

GPL116(config)#

å‘½ä»¤show interface gpon-onu cr | in 3/3/1æ‰§è¡Œç»“æœ:
show interface gpon-onu cr | in 3/3/1
3/3/1     YHCT00707D3F      gpon    (g)       MONUV664           2023-10-08,16:14:24    active   1024 Def_P_all        1006    Def_VEIP


è¯¥ONUä¸ºhguç±»å‹ï¼Œæœªç»‘å®šè‡ªå®šä¹‰æ¨¡ç‰ˆï¼Œé…ç½®ä¸­è¯·ç¨å......

å‘½ä»¤int gpon-onu 3/3/1æ‰§è¡Œç»“æœ:

GPL116(config)#int gpon-onu 3/3/1
GPL116(config-if-gpon-onu-3/3:1)#

å‘½ä»¤line-profile-id 118æ‰§è¡Œç»“æœ:
line-profile-id 118
OCT-08-2023 16:23:51  gpon-onu-remote-3-gponOnuGemportEntryAdd: gem_port 3/3/1/1 create gemport 161 (ulTunnelId 161) success
OCT-08-2023 16:23:51  gpon-onu-remote-3-gponOnuGemportEntryAdd: gem_port 3/3/1/2 create gemport 167 (ulTunnelId 167) success
OCT-08-2023 16:23:51  gpon-onu-remote-3-gponOnuGemportEntryAdd: gem_port 3/3/1/3 create gemport 168 (ulTunnelId 168) success
GPL116(config-if-gpon-onu-3/3:1)#OCT-08-2023 16:23:51  gpon-onu-remote-3-gponOnuGemportEntryAdd: gem_port 3/3/1/4 create gemport 169 (ulTunnelId 169) success
OCT-08-2023 16:23:51  pon-sys-3-gponOnuDeviceRebindOnuProfile: onu 3/3/1, gponPonSysOnuMib.c 2877


å‘½ä»¤

æ‰§è¡Œç»“æœ:

GPL116(config-if-gpon-onu-3/3:1)#
GPL116(config-if-gpon-onu-3/3:1)#
GPL116(config-if-gpon-onu-3/3:1)#

å‘½ä»¤service-profile-id 118æ‰§è¡Œç»“æœ:
service-profile-id 118
OCT-08-2023 16:23:55  gpon-onu-remote-3-ONU 3/3/1 ME upload next process has been aborted(810)
OCT-08-2023 16:23:56  gpon-onu-remote-3-gponOnuGemportEntryAdd: gem_port 3/3/1/1 create gemport 161 (ulTunnelId 161) success
OCT-08-2023 16:23:56  gpon-onu-remote-3-gponOnuGemportEntryAdd: gem_port 3/3/1/2 create gemport 167 (ulTunnelId 167) success
OCT-08-2023 16:23:56  gpon-onu-remote-3-gponOnuGemportEntryAdd: gem_port 3/3/1/3 create gemport 168 (ulTunnelId 168) success
GPL116(config-if-gpon-onu-3/3:1)#OCT-08-2023 16:23:56  gpon-onu-remote-3-gponOnuGemportEntryAdd: gem_port 3/3/1/4 create gemport 169 (ulTunnelId 169) success
OCT-08-2023 16:23:56  pon-sys-3-gponOnuDeviceRebindOnuProfile: onu 3/3/1, gponPonSysOnuMib.c 2877


å‘½ä»¤

æ‰§è¡Œç»“æœ:

GPL116(config-if-gpon-onu-3/3:1)#
GPL116(config-if-gpon-onu-3/3:1)#
GPL116(config-if-gpon-onu-3/3:1)#

å‘½ä»¤show interface gpon-onu cr | in 3/3/1æ‰§è¡Œç»“æœ:
show interface gpon-onu cr | in 3/3/1
3/3/1     YHCT00707D3F      gpon    (g)       MONUV664           2023-10-08,16:14:24    active   118  profile-118      118     profile-118

GPL116(config-if-gpon-onu-3/3:1)#

++++++++++++++++++++++++++++++++++++++++å½“å‰ç”¨ä¾‹ã€profile_bindã€‘æµ‹è¯•ç»“æœä¸º:pass

####################ã€profile_bindã€‘è„šæœ¬æµ‹è¯•æ‰§è¡Œç»“æŸ!####################

