
测试开始时间为:Fri Jul 28 18:11:05 2023

####################【clear_onu_config】脚本测试执行开始!####################


设备登录中，请稍后......

172.17.100.214登录成功!

命令int gpon-olt 3/3执行结果:
int gpon-olt 3/3
GPL116-X7-100.214(config-if-gpon-olt-3:3)#

命令show interface gpon-onu creation-information | in 3/3执行结果:
show interface gpon-onu creation-information | in 3/3
3/3/1     GPON120441AE      gpon    (g)       IGD                2023-07-28,17:46:05    active   1024 Def_P_all        1006    Def_VEIP
3/3/2     MONU0000EFDB      gpon    (g)       MONUD401           2023-07-28,17:46:05    active   1024 Def_P_all        1006    Def_VEIP
3/3/3     RCMG4B08001B      gpon    (g)       GPU040-4G0F0P-TKPSE2023-07-28,17:48:05    active   127  profile-127      127     profile-127
3/3/4     GPON00F0B8B0      gpon    (g)       MONUH265           2023-07-28,17:46:05    active   1024 Def_P_all        1006    Def_VEIP

GPL116-X7-100.214(config-if-gpon-olt-3:3)#

命令show interface gpon-onu online-information | in 3/3执行结果:
show interface gpon-onu online-information | in 3/3
3/3/1      online      2                2023-07-28,17:46:35  --                   --                          
3/3/2      online      84               2023-07-28,17:46:35  --                   --                          
3/3/3      online      2                2023-07-28,17:51:35  2023-07-28,17:51:35  --                          
3/3/4      online      2                2023-07-28,17:46:35  --                   --                          

GPL116-X7-100.214(config-if-gpon-olt-3:3)#

命令no create gpon-onu 1-10执行结果:
no create gpon-onu 1-10
Delete ONU 1 successfully


命令exit执行结果:
Delete ONU 2 successfully
Delete ONU 3 successfully


命令no gpon-onu-line-profile 127-128执行结果:
Delete ONU 4 successfully


命令show gpon-onu-line-profile 127-128执行结果:
GPL116-X7-100.214(config-if-gpon-olt-3:3)#exit
GPL116-X7-100.214(config)#no gpon-onu-line-profile 127-128
GPL116-X7-100.214(config)#show gpon-onu-line-profile 127-128
GPL116-X7-100.214(config)#JUL-28-2023 18:04:46  if-1-Link state change down: gpon-olt3/3 link down.


命令no gpon-onu-service-profile 127-128执行结果:
no gpon-onu-service-profile 127-128
GPL116-X7-100.214(config)#JUL-28-2023 18:04:47  if-1-Link state change down: vlan100 link down.
JUL-28-2023 18:04:47  if-1-Link state change down: vlan101 link down.


命令show gpon-onu-service-profile 127-128执行结果:
show gpon-onu-service-profile 127-128
GPL116-X7-100.214(config)#

命令show dba-profile 127-128执行结果:
show dba-profile 127-128
Profile ID  Profile Name      Type   Fix(Kbps)  Assure(Kbps)  Max(Kbps)  AddBwMode      Priority  Weight  Method    Ref
-----------------------------------------------------------------------------------------------------------------------
127         chenjingv127      type4  0          0             1024000    best-effort    0         0       TM        0   
128         chenjingv128      type4  0          0             1024000    best-effort    0         0       TM        0   
GPL116-X7-100.214(config)#

命令show interface gpon-onu online-information | in 3/3执行结果:
show interface gpon-onu online-information | in 3/3

GPL116-X7-100.214(config)#

命令show interface gpon-onu creation-information | in 3/3执行结果:
show interface gpon-onu creation-information | in 3/3

GPL116-X7-100.214(config)#

tips:将该PON口下所有ONU恢复缺省模板配置......

第1次检查当前ONU模板状态......

命令show interface gpon-onu creation-information | in 3/3执行结果:
show interface gpon-onu creation-information | in 3/3

GPL116-X7-100.214(config)#

第2次检查当前ONU模板状态......

命令show interface gpon-onu creation-information | in 3/3执行结果:
show interface gpon-onu creation-information | in 3/3

GPL116-X7-100.214(config)#

第3次检查当前ONU模板状态......

命令show interface gpon-onu creation-information | in 3/3执行结果:
show interface gpon-onu creation-information | in 3/3
3/3/1     GPON00F0B8B0      gpon    (g)       --                 2023-07-28,18:05:05    --       --   --               --      --
3/3/2     GPON120441AE      gpon    (g)       --                 2023-07-28,18:05:05    --       --   --               --      --
3/3/3     MONU0000EFDB      gpon    (g)       --                 2023-07-28,18:05:05    --       --   --               --      --
3/3/4     RCMG4B08001B      gpon    (g)       --                 2023-07-28,18:05:05    --       --   --               --      --

GPL116-X7-100.214(config)#

第4次检查当前ONU模板状态......

命令show interface gpon-onu creation-information | in 3/3执行结果:
show interface gpon-onu creation-information | in 3/3
3/3/1     GPON00F0B8B0      gpon    (g)       --                 2023-07-28,18:05:05    --       --   --               --      --
3/3/2     GPON120441AE      gpon    (g)       --                 2023-07-28,18:05:05    --       --   --               --      --
3/3/3     MONU0000EFDB      gpon    (g)       --                 2023-07-28,18:05:05    --       --   --               --      --
3/3/4     RCMG4B08001B      gpon    (g)       --                 2023-07-28,18:05:05    --       --   --               --      --

GPL116-X7-100.214(config)#

第5次检查当前ONU模板状态......

命令show interface gpon-onu creation-information | in 3/3执行结果:
show interface gpon-onu creation-information | in 3/3
3/3/1     GPON00F0B8B0      gpon    (g)       --                 2023-07-28,18:05:05    --       --   --               --      --
3/3/2     GPON120441AE      gpon    (g)       --                 2023-07-28,18:05:05    --       --   --               --      --
3/3/3     MONU0000EFDB      gpon    (g)       --                 2023-07-28,18:05:05    --       --   --               --      --
3/3/4     RCMG4B08001B      gpon    (g)       --                 2023-07-28,18:05:05    --       --   --               --      --

GPL116-X7-100.214(config)#

第6次检查当前ONU模板状态......

命令show interface gpon-onu creation-information | in 3/3执行结果:
show interface gpon-onu creation-information | in 3/3
3/3/1     GPON00F0B8B0      gpon    (g)       --                 2023-07-28,18:05:05    --       --   --               --      --
3/3/2     GPON120441AE      gpon    (g)       --                 2023-07-28,18:05:05    --       --   --               --      --
3/3/3     MONU0000EFDB      gpon    (g)       --                 2023-07-28,18:05:05    --       --   --               --      --
3/3/4     RCMG4B08001B      gpon    (g)       --                 2023-07-28,18:05:05    --       --   --               --      --

GPL116-X7-100.214(config)#JUL-28-2023 18:05:35  gpon-onu-remote-3-ONU 3/3/4 register, OnuRegType g(0)! 
JUL-28-2023 18:05:35  gpon-onu-remote-3-ONU 3/3/3 register, OnuRegType g(0)! 
JUL-28-2023 18:05:35  onu-register-4-ONU Register: ONU 3/3/4 Registration, SN: RCMG4B08001B.
JUL-28-2023 18:05:35  gpon-onu-remote-3-ONU 3/3/2 register, OnuRegType g(0)! 
JUL-28-2023 18:05:35  onu-register-4-ONU Register: ONU 3/3/3 Registration, SN: MONU0000EFDB.
JUL-28-2023 18:05:35  gpon-onu-remote-3-ONU 3/3/1 register, OnuRegType g(0)! 
JUL-28-2023 18:05:35  onu-register-4-ONU Register: ONU 3/3/2 Registration, SN: GPON120441AE.
JUL-28-2023 18:05:36  onu-register-4-ONU Register: ONU 3/3/1 Registration, SN: GPON00F0B8B0.
JUL-28-2023 18:05:37  if-1-Link state change up: gpon-olt3/3 link up.
JUL-28-2023 18:05:37  gpon-onu-remote-3-gponOnuGemportEntryAdd: gem_port 3/3/3/1 create gemport 160 (ulTunnelId 160) success
JUL-28-2023 18:05:37  gpon-onu-remote-5-Config download: ONU 3/3/3 pon-sys config download success
JUL-28-2023 18:05:38  if-1-Link state change up: vlan100 link up.
JUL-28-2023 18:05:38  if-1-Link state change up: vlan101 link up.


第7次检查当前ONU模板状态......

命令show interface gpon-onu creation-information | in 3/3执行结果:
show interface gpon-onu creation-information | in 3/3
3/3/1     GPON00F0B8B0      gpon    (g)       --                 2023-07-28,18:05:05    active   --   --               --      --
3/3/2     GPON120441AE      gpon    (g)       --                 2023-07-28,18:05:05    active   --   --               --      --
3/3/3     MONU0000EFDB      gpon    (g)       MONUD401           2023-07-28,18:05:05    active   1024 Def_P_all        1006    Def_VEIP
3/3/4     RCMG4B08001B      gpon    (g)       --                 2023-07-28,18:05:05    active   --   --               --      --

GPL116-X7-100.214(config)#JUL-28-2023 18:05:39  gpon-onu-remote-5-Config download: ONU 3/3/3 config download success. 
JUL-28-2023 18:05:42  gpon-onu-remote-3-gponOnuGemportEntryAdd: gem_port 3/3/1/1 create gemport 161 (ulTunnelId 161) success
JUL-28-2023 18:05:42  gpon-onu-remote-5-Config download: ONU 3/3/1 pon-sys config download success
JUL-28-2023 18:05:43  gpon-onu-remote-3-gponOnuGemportEntryAdd: gem_port 3/3/4/1 create gemport 162 (ulTunnelId 162) success
JUL-28-2023 18:05:43  gpon-onu-remote-5-Config download: ONU 3/3/4 pon-sys config download success
JUL-28-2023 18:05:43  gpon-onu-remote-3-gponOnuGemportEntryAdd: gem_port 3/3/2/1 create gemport 163 (ulTunnelId 163) success
JUL-28-2023 18:05:43  gpon-onu-remote-5-Config download: ONU 3/3/2 pon-sys config download success
JUL-28-2023 18:05:44  gpon-onu-remote-3-ONU 3/3/4 ME class ME SERVICE CLASSIFICATION MEid 0x0000 response error(0)(5)
JUL-28-2023 18:05:44  gpon-onu-remote-3-ONU 3/3/4 ME class ME SERVICE CLASSIFICATION MEid 0x0001 response error(0)(5)
JUL-28-2023 18:05:44  gpon-onu-remote-5-Config download: ONU 3/3/4 config download success. 
JUL-28-2023 18:05:45  gpon-onu-remote-5-Config download: ONU 3/3/2 config download success. 


第8次检查当前ONU模板状态......

命令show interface gpon-onu creation-information | in 3/3执行结果:
show interface gpon-onu creation-information | in 3/3
3/3/1     GPON00F0B8B0      gpon    (g)       MONUH265           2023-07-28,18:05:05    active   1024 Def_P_all        1006    Def_VEIP
3/3/2     GPON120441AE      gpon    (g)       IGD                2023-07-28,18:05:05    active   1024 Def_P_all        1006    Def_VEIP
3/3/3     MONU0000EFDB      gpon    (g)       MONUD401           2023-07-28,18:05:05    active   1024 Def_P_all        1006    Def_VEIP
3/3/4     RCMG4B08001B      gpon    (g)       GPU040-4G0F0P-TKPSE2023-07-28,18:05:05    active   1024 Def_P_all        1018    Def_4E

GPL116-X7-100.214(config)#JUL-28-2023 18:05:50  gpon-onu-remote-5-Config download: ONU 3/3/1 config download success. 


第9次检查当前ONU模板状态......

命令show interface gpon-onu creation-information | in 3/3执行结果:
show interface gpon-onu creation-information | in 3/3
3/3/1     GPON00F0B8B0      gpon    (g)       MONUH265           2023-07-28,18:05:05    active   1024 Def_P_all        1006    Def_VEIP
3/3/2     GPON120441AE      gpon    (g)       IGD                2023-07-28,18:05:05    active   1024 Def_P_all        1006    Def_VEIP
3/3/3     MONU0000EFDB      gpon    (g)       MONUD401           2023-07-28,18:05:05    active   1024 Def_P_all        1006    Def_VEIP
3/3/4     RCMG4B08001B      gpon    (g)       GPU040-4G0F0P-TKPSE2023-07-28,18:05:05    active   1024 Def_P_all        1018    Def_4E

GPL116-X7-100.214(config)#

第10次检查当前ONU模板状态......

命令show interface gpon-onu creation-information | in 3/3执行结果:
show interface gpon-onu creation-information | in 3/3
3/3/1     GPON00F0B8B0      gpon    (g)       MONUH265           2023-07-28,18:05:05    active   1024 Def_P_all        1006    Def_VEIP
3/3/2     GPON120441AE      gpon    (g)       IGD                2023-07-28,18:05:05    active   1024 Def_P_all        1006    Def_VEIP
3/3/3     MONU0000EFDB      gpon    (g)       MONUD401           2023-07-28,18:05:05    active   1024 Def_P_all        1006    Def_VEIP
3/3/4     RCMG4B08001B      gpon    (g)       GPU040-4G0F0P-TKPSE2023-07-28,18:05:05    active   1024 Def_P_all        1018    Def_4E

GPL116-X7-100.214(config)#

++++++++++++++++++++++++++++++++++++++++当前用例【clear_onu_config】测试结果为:pass

####################【clear_onu_config】脚本测试执行结束!####################


####################【check_onu_state】脚本测试执行开始!####################


设备登录中，请稍后......

