
Test start time is:Sun Oct 15 09:28:02 2023

####################【clear_config】脚本测试执行开始!####################

设备登录中，请稍后......

172.17.100.214登录成功!

tips:删除所有ONU自定义模板......

命令show interface gpon-onu creation-information | in 3/3执行结果:
show interface gpon-onu creation-information | in 3/3
3/3/1     YHCT000102F2      gpon    (g)       YHCTH203           2023-10-13,17:20:23    active   116  profile-116      116     profile-116
3/3/2     YHCT00704FAB      gpon    (g)       MONUM208           2023-10-12,15:23:53    active   1024 Def_P_all        1015    Def_8E
3/3/3     YHCT00707D3F      gpon    (g)       MONUV664           2023-10-15,09:21:53    active   116  profile-116      116     profile-116
3/3/4     RCMG4B9800AF      gpon    (g)       GPU040-4G0F0P-TKPSE2023-10-12,15:23:53    active   1024 Def_P_all        1018    Def_4E

GPL116(config)#

命令show interface gpon-onu online-information | in 3/3执行结果:
show interface gpon-onu online-information | in 3/3
3/3/1      online      96               2023-10-13,17:20:53  --                   --                          
3/3/2      offline     0                2023-10-12,15:24:24  2023-10-12,16:34:50  Branch fiber cut            
3/3/3      online      1                2023-10-15,09:22:23  --                   --                          
3/3/4      online      1                2023-10-12,15:24:23  --                   --                          

GPL116(config)#

命令int gpon-olt 3/3执行结果:
int gpon-olt 3/3
GPL116(config-if-gpon-olt-3:3)#

命令no create gpon-onu 3执行结果:
no create gpon-onu 3
Delete ONU 3 successfully


命令

执行结果:

GPL116(config-if-gpon-olt-3:3)#
GPL116(config-if-gpon-olt-3:3)#
GPL116(config-if-gpon-olt-3:3)#

命令exit执行结果:
exit
GPL116(config)#

命令no gpon-onu-line-profile 117执行结果:
no gpon-onu-line-profile 117
GPL116(config)#

命令show gpon-onu-line-profile 117执行结果:
show gpon-onu-line-profile 117
GPL116(config)#

命令no gpon-onu-line-profile 118执行结果:
no gpon-onu-line-profile 118
GPL116(config)#

命令show gpon-onu-line-profile 118执行结果:
show gpon-onu-line-profile 118
GPL116(config)#

命令no gpon-onu-service-profile 117执行结果:
no gpon-onu-service-profile 117
GPL116(config)#

命令show gpon-onu-service-profile 117 | section-end WLAN执行结果:
show gpon-onu-service-profile 117 | section-end WLAN
GPL116(config)#

命令no gpon-onu-service-profile 118执行结果:
no gpon-onu-service-profile 118
GPL116(config)#

命令show gpon-onu-service-profile 118 | section-end WLAN执行结果:
show gpon-onu-service-profile 118 | section-end WLAN
GPL116(config)#

命令no creat dba-profile 117执行结果:
no creat dba-profile 117
GPL116(config)#

命令show dba-profile 117执行结果:
show dba-profile 117
Profile ID  Profile Name      Type   Fix(Kbps)  Assure(Kbps)  Max(Kbps)  AddBwMode      Priority  Weight  Method    Ref
-----------------------------------------------------------------------------------------------------------------------
GPL116(config)#

命令no creat dba-profile 118执行结果:
no creat dba-profile 118
GPL116(config)#

命令show dba-profile 118执行结果:
show dba-profile 118
Profile ID  Profile Name      Type   Fix(Kbps)  Assure(Kbps)  Max(Kbps)  AddBwMode      Priority  Weight  Method    Ref
-----------------------------------------------------------------------------------------------------------------------
GPL116(config)#

命令show interface gpon-onu creation-information | in 3/3执行结果:
show interface gpon-onu creation-information | in 3/3
3/3/1     YHCT000102F2      gpon    (g)       YHCTH203           2023-10-13,17:20:23    active   116  profile-116      116     profile-116
3/3/2     YHCT00704FAB      gpon    (g)       MONUM208           2023-10-12,15:23:53    active   1024 Def_P_all        1015    Def_8E
3/3/3     YHCT00707D3F      gpon    (g)       --                 2023-10-15,09:27:23    active   --   --               --      --
3/3/4     RCMG4B9800AF      gpon    (g)       GPU040-4G0F0P-TKPSE2023-10-12,15:23:53    active   1024 Def_P_all        1018    Def_4E

GPL116(config)#

命令show interface gpon-onu online-information | in 3/3执行结果:
show interface gpon-onu online-information | in 3/3
3/3/1      online      96               2023-10-13,17:20:53  --                   --                          
3/3/2      offline     0                2023-10-12,15:24:24  2023-10-12,16:34:50  Branch fiber cut            
3/3/3      offline     0                --                   --                   --                          
3/3/4      online      1                2023-10-12,15:24:23  --                   --                          

GPL116(config)#

++++++++++++++++++++++++++++++++++++++++当前用例【clear_config】测试结果为:pass

####################【clear_config】脚本测试执行结束!####################


####################【check_uplink_port】脚本测试执行开始!####################

设备登录中，请稍后......

172.17.100.214登录成功!

tips:检查测试uplink状态......

命令end执行结果:
end
GPL116#

命令show interface ten-gigabitethernet执行结果:
show interface ten-gigabitethernet
Port                     Admin    Operate           Speed/Duplex  Flowctrl(R/S)  State       Connector   DownHoldTime(ms)
---------------------------------------------------------------------------------------------------------------------
ten-gigabitethernet10/1  enable   down              (1000M/Full)  off/off        Forward     online      0           
ten-gigabitethernet10/2  enable   down              (1000M/Full)  off/off        Forward     online      0           
ten-gigabitethernet10/3  enable   up(1000M/Full)    (1000M/Full)  off/off        Forward     online      0           
ten-gigabitethernet10/4  enable   down              (1000M/Full)  off/off        Forward     online      0           

GPL116#

该uplink 10/3 已存在，程序继续......

++++++++++++++++++++++++++++++++++++++++当前用例【check_uplink_port】测试结果为:pass

####################【check_uplink_port】脚本测试执行结束!####################


####################【check_downlink_port】脚本测试执行开始!####################

设备登录中，请稍后......

172.17.100.214登录成功!

tips:检查测试downlink状态......

命令show interface gpon-onu cr执行结果:
show interface gpon-onu cr
ONU ID    SN                Onu Type(ACT)     Device Type        Creation Date          State    Line Profile          Service Profile         
                                                                                                 ID   name             ID      name            
------------------------------------------------------------------------------------------------------------------------------------------------------
3/3/1     YHCT000102F2      gpon    (g)       YHCTH203           2023-10-13,17:20:23    active   116  profile-116      116     profile-116
3/3/2     YHCT00704FAB      gpon    (g)       MONUM208           2023-10-12,15:23:53    active   1024 Def_P_all        1015    Def_8E
3/3/3     YHCT00707D3F      gpon    (g)       --                 2023-10-15,09:27:23    active   --   --               --      --
3/3/4     RCMG4B9800AF      gpon    (g)       GPU040-4G0F0P-TKPSE2023-10-12,15:23:53    active   1024 Def_P_all        1018    Def_4E

GPL116(config)#

该downlink 3/3/3 已存在，程序继续......

++++++++++++++++++++++++++++++++++++++++当前用例【check_downlink_port】测试结果为:pass

####################【check_downlink_port】脚本测试执行结束!####################


####################【uplink_config_auto】脚本测试执行开始!####################

设备登录中，请稍后......

172.17.100.214登录成功!

tips:配置uplink......

命令creat vlan 10,20,30,40,4000,1011-1020 active执行结果:
creat vlan 10,20,30,40,4000,1011-1020 active
Already existed vlans: 10,20,30,40,1011-1020,4000,can not be created again.
GPL116(config)#

命令end执行结果:
end
GPL116#

命令show run interface ten-gigabitethernet 10/3执行结果:
show run interface ten-gigabitethernet 10/3
!command in ten-gigabitethernet_mode
interface ten-gigabitethernet 10/3
speed 1000 
switchport trunk native vlan 4000 
switchport trunk allowed vlan 10,20,30,40,1011-1020,4000 
switchport trunk untagged vlan remove 1 
switchport mode trunk
quit
!
GPL116#

命令conf t执行结果:
conf t
Configuration mode, one command input per times. End with CTRL-Z.
CONFIG-I:Configured from telnet ...
GPL116(config)#

命令interface ten-gigabitethernet 10/3执行结果:
interface ten-gigabitethernet 10/3
GPL116(config-if-ten-gigabitethernet-10:3)#

命令no switchport mode执行结果:
no switchport mode
GPL116(config-if-ten-gigabitethernet-10:3)#OCT-15-2023 09:28:23  onu-register-4-ONU Register: ONU 3/3/3 Registration, SN: YHCT00707D3F.


命令no switchport access vlan执行结果:
no switchport access vlan
GPL116(config-if-ten-gigabitethernet-10:3)#

命令no switchport trunk native vlan执行结果:
no switchport trunk native vlan
GPL116(config-if-ten-gigabitethernet-10:3)#OCT-15-2023 09:28:29  gpon-onu-remote-3-gponOnuGemportEntryAdd: gem_port 3/3/3/1 create gemport 163 (ulTunnelId 163) success
OCT-15-2023 09:28:29  gpon-onu-remote-5-Config download: ONU 3/3/3 pon-sys config download success


命令no switchport trunk allowed vlan执行结果:
no switchport trunk allowed vlan
GPL116(config-if-ten-gigabitethernet-10:3)#

命令no switchport trunk untagged vlan执行结果:
no switchport trunk untagged vlan
GPL116(config-if-ten-gigabitethernet-10:3)#

命令switchport mode trunk执行结果:
switchport mode trunk
GPL116(config-if-ten-gigabitethernet-10:3)#OCT-15-2023 09:28:36  gpon-onu-remote-5-Config download: ONU 3/3/3 config download success. 


命令switchport trunk native vlan 4000执行结果:
switchport trunk native vlan 4000
GPL116(config-if-ten-gigabitethernet-10:3)#

命令switchport trunk allowed vlan 10,20,30,40,1011-1020,4000 confirm执行结果:
switchport trunk allowed vlan 10,20,30,40,1011-1020,4000 confirm
GPL116(config-if-ten-gigabitethernet-10:3)#

命令end执行结果:
end
GPL116#

命令show run interface ten-gigabitethernet 10/3执行结果:
show run interface ten-gigabitethernet 10/3
!command in ten-gigabitethernet_mode
interface ten-gigabitethernet 10/3
speed 1000 
switchport trunk native vlan 4000 
switchport trunk allowed vlan 10,20,30,40,1011-1020,4000 
switchport trunk untagged vlan remove 1 
switchport mode trunk
quit
!
GPL116#

++++++++++++++++++++++++++++++++++++++++当前用例【uplink_config_auto】测试结果为:pass

####################【uplink_config_auto】脚本测试执行结束!####################


####################【downlink_config_auto】脚本测试执行开始!####################

设备登录中，请稍后......

172.17.100.214登录成功!

tips:配置downlink......

命令end执行结果:
end
GPL116#

命令show run interface gpon-olt 3/3执行结果:
show run interface gpon-olt 3/3
!command in gpon-olt_mode
interface gpon-olt 3/3
mac-address-table station move
authorization mode none
create gpon-onu 1 sn YHCT000102F2 line-profile-id 116 service-profile-id 116 
create gpon-onu 2 sn YHCT00704FAB line-profile-id 1024 service-profile-id 1015 
create gpon-onu 3 sn YHCT00707D3F line-profile-id 1024 service-profile-id 1006 
create gpon-onu 4 sn RCMG4B9800AF line-profile-id 1024 service-profile-id 1018 
switchport trunk allowed vlan 10,20,30,40,1011-1020,4000 
switchport trunk untagged vlan remove 1 
switchport mode trunk
multicast-vlan 4000 member
igmp snooping immediate-leave multicast-vlan 4000
quit
!
GPL116#

命令conf t执行结果:
conf t
Configuration mode, one command input per times. End with CTRL-Z.
CONFIG-I:Configured from telnet ...
GPL116(config)#

命令interface gpon-olt 3/3执行结果:
interface gpon-olt 3/3
GPL116(config-if-gpon-olt-3:3)#

命令mac-address-table station move执行结果:
mac-address-table station move
GPL116(config-if-gpon-olt-3:3)#

命令authorization mode none执行结果:
authorization mode none
GPL116(config-if-gpon-olt-3:3)#

命令no switchport mode执行结果:
no switchport mode
GPL116(config-if-gpon-olt-3:3)#

命令no switchport access vlan执行结果:
no switchport access vlan
GPL116(config-if-gpon-olt-3:3)#

命令no switchport trunk native vlan执行结果:
no switchport trunk native vlan
GPL116(config-if-gpon-olt-3:3)#

命令no switchport trunk allowed vlan执行结果:
no switchport trunk allowed vlan
GPL116(config-if-gpon-olt-3:3)#

命令no switchport trunk untagged vlan执行结果:
no switchport trunk untagged vlan
GPL116(config-if-gpon-olt-3:3)#

命令switchport mode trunk执行结果:
switchport mode trunk
GPL116(config-if-gpon-olt-3:3)#

命令switchport trunk allowed vlan 10,20,30,40,1011-1020,4000 confirm执行结果:
switchport trunk allowed vlan 10,20,30,40,1011-1020,4000 confirm
GPL116(config-if-gpon-olt-3:3)#

命令end执行结果:
end
GPL116#

命令show run interface gpon-olt 3/3执行结果:
show run interface gpon-olt 3/3
!command in gpon-olt_mode
interface gpon-olt 3/3
mac-address-table station move
authorization mode none
create gpon-onu 1 sn YHCT000102F2 line-profile-id 116 service-profile-id 116 
create gpon-onu 2 sn YHCT00704FAB line-profile-id 1024 service-profile-id 1015 
create gpon-onu 3 sn YHCT00707D3F line-profile-id 1024 service-profile-id 1006 
create gpon-onu 4 sn RCMG4B9800AF line-profile-id 1024 service-profile-id 1018 
switchport trunk allowed vlan 10,20,30,40,1011-1020,4000 
switchport trunk untagged vlan remove 1 
switchport mode trunk
multicast-vlan 4000 member
igmp snooping immediate-leave multicast-vlan 4000
quit
!
GPL116#

++++++++++++++++++++++++++++++++++++++++当前用例【downlink_config_auto】测试结果为:pass

####################【downlink_config_auto】脚本测试执行结束!####################


####################【dba_config_sfu】脚本测试执行开始!####################

设备登录中，请稍后......

172.17.100.214登录成功!

tips:配置dba-profile 117......

命令show dba-profile 117执行结果:
show dba-profile 117
Profile ID  Profile Name      Type   Fix(Kbps)  Assure(Kbps)  Max(Kbps)  AddBwMode      Priority  Weight  Method    Ref
-----------------------------------------------------------------------------------------------------------------------
GPL116(config)#

不存在sfu类型dba模版-dba-profile 117，配置中请稍后......

命令create dba-profile 117 name chenjingv117 type4 max 1024000执行结果:
create dba-profile 117 name chenjingv117 type4 max 1024000
GPL116(config)#

命令show dba-profile 117执行结果:
show dba-profile 117
Profile ID  Profile Name      Type   Fix(Kbps)  Assure(Kbps)  Max(Kbps)  AddBwMode      Priority  Weight  Method    Ref
-----------------------------------------------------------------------------------------------------------------------
117         chenjingv117      type4  0          0             1024000    best-effort    0         0       TM        0   
GPL116(config)#

++++++++++++++++++++++++++++++++++++++++当前用例【dba_config_sfu】测试结果为:pass

####################【dba_config_sfu】脚本测试执行结束!####################


####################【dba_config_hgu】脚本测试执行开始!####################

设备登录中，请稍后......

172.17.100.214登录成功!

tips:配置dba-profile 118......

命令show dba-profile 118执行结果:
show dba-profile 118
Profile ID  Profile Name      Type   Fix(Kbps)  Assure(Kbps)  Max(Kbps)  AddBwMode      Priority  Weight  Method    Ref
-----------------------------------------------------------------------------------------------------------------------
GPL116(config)#

不存在hgu类型dba模版-dba-profile 118，配置中请稍后......

命令create dba-profile 118 name chenjingv118 type4 max 1024000执行结果:
create dba-profile 118 name chenjingv118 type4 max 1024000
GPL116(config)#

命令show dba-profile 118执行结果:
show dba-profile 118
Profile ID  Profile Name      Type   Fix(Kbps)  Assure(Kbps)  Max(Kbps)  AddBwMode      Priority  Weight  Method    Ref
-----------------------------------------------------------------------------------------------------------------------
118         chenjingv118      type4  0          0             1024000    best-effort    0         0       TM        0   
GPL116(config)#

++++++++++++++++++++++++++++++++++++++++当前用例【dba_config_hgu】测试结果为:pass

####################【dba_config_hgu】脚本测试执行结束!####################


####################【line_config_sfu】脚本测试执行开始!####################

设备登录中，请稍后......

172.17.100.214登录成功!

tips:配置line-profile 117......

命令show gpon-onu-line-profile 117执行结果:
show gpon-onu-line-profile 117
GPL116(config)#

不存在sfu类型line模版-line-profile 117，配置中请稍后......

命令gpon-onu-line-profile 117执行结果:
gpon-onu-line-profile 117
GPL116(config-gpon-onu-line-profile:117)#

命令create tcont 1 dba-profile 117执行结果:
create tcont 1 dba-profile 117
GPL116(config-gpon-onu-line-profile:117)#

命令mapping-mode vlan执行结果:
mapping-mode vlan
GPL116(config-gpon-onu-line-profile:117)#

命令create gem 1 tcont 1执行结果:
create gem 1 tcont 1
GPL116(config-gpon-onu-line-profile:117)#

命令gem 1 mapping 1 vlan 10执行结果:
gem 1 mapping 1 vlan 10
GPL116(config-gpon-onu-line-profile:117)#

命令create gem 2 tcont 1执行结果:
create gem 2 tcont 1
GPL116(config-gpon-onu-line-profile:117)#

命令gem 2 mapping 2 vlan 20执行结果:
gem 2 mapping 2 vlan 20
GPL116(config-gpon-onu-line-profile:117)#

命令create gem 3 tcont 1执行结果:
create gem 3 tcont 1
GPL116(config-gpon-onu-line-profile:117)#

命令gem 3 mapping 3 vlan 30执行结果:
gem 3 mapping 3 vlan 30
GPL116(config-gpon-onu-line-profile:117)#

命令create gem 4 tcont 1执行结果:
create gem 4 tcont 1
GPL116(config-gpon-onu-line-profile:117)#

命令gem 4 mapping 4 vlan 40执行结果:
gem 4 mapping 4 vlan 40
GPL116(config-gpon-onu-line-profile:117)#

命令commit执行结果:
commit
GPL116(config-gpon-onu-line-profile:117)#

命令exit执行结果:
exit
GPL116(config)#

命令show gpon-onu-line-profile 117执行结果:
show gpon-onu-line-profile 117
LineProfile ID  : 117
LineProfile Name: profile-117
Ref. counter    : 0
  FEC upstream: disable
  OMCC encrypt: disable
  Mapping mode: VLAN
  ------------------------------------------------------------------------------
  T-CONT 0          DBA Profile Name: def_gp_1
  T-CONT 1          DBA Profile Name: chenjingv117
    Gem Index    Encryption       Priority  USPolicing  DSPolicing   MAC limit
                DS        US                                                    
    ----------------------------------------------------------------------------
    1         disable   disable   0         0           0            unlimited
    ----------------------------------------------------------------------------
      Mapping Index  VLAN  Priority  Port Type  Port ID
      ----------------------------------------------------------------
      1              10    --        --         --
      ----------------------------------------------------------------
    Gem Index    Encryption       Priority  USPolicing  DSPolicing   MAC limit
                DS        US                                                    
    ----------------------------------------------------------------------------
    2         disable   disable   0         0           0            unlimited
    ----------------------------------------------------------------------------
      Mapping Index  VLAN  Priority  Port Type  Port ID
      ----------------------------------------------------------------
      2              20    --        --         --
      ----------------------------------------------------------------
    Gem Index    Encryption       Priority  USPolicing  DSPolicing   MAC limit
                DS        US                                                    
    ----------------------------------------------------------------------------
    3         disable   disable   0         0           0            unlimited
    ----------------------------------------------------------------------------
      Mapping Index  VLAN  Priority  Port Type  Port ID
      ----------------------------------------------------------------
      3              30    --        --         --
      ----------------------------------------------------------------
    Gem Index    Encryption       Priority  USPolicing  DSPolicing   MAC limit
                DS        US                                                    
    ----------------------------------------------------------------------------
    4         disable   disable   0         0           0            unlimited
    ----------------------------------------------------------------------------
      Mapping Index  VLAN  Priority  Port Type  Port ID
      ----------------------------------------------------------------
      4              40    --        --         --
      ----------------------------------------------------------------
GPL116(config)#

++++++++++++++++++++++++++++++++++++++++当前用例【line_config_sfu】测试结果为:pass

####################【line_config_sfu】脚本测试执行结束!####################


####################【line_config_hgu】脚本测试执行开始!####################

设备登录中，请稍后......

172.17.100.214登录成功!

tips:配置line-profile 118......

命令show gpon-onu-line-profile 118执行结果:
show gpon-onu-line-profile 118
GPL116(config)#

不存在hgu类型line模版-line-profile 118，配置中请稍后......

命令gpon-onu-line-profile 118执行结果:
gpon-onu-line-profile 118
GPL116(config-gpon-onu-line-profile:118)#

命令create tcont 1 dba-profile 118执行结果:
create tcont 1 dba-profile 118
GPL116(config-gpon-onu-line-profile:118)#

命令mapping-mode vlan执行结果:
mapping-mode vlan
GPL116(config-gpon-onu-line-profile:118)#

命令create gem 1 tcont 1执行结果:
create gem 1 tcont 1
GPL116(config-gpon-onu-line-profile:118)#

命令gem 1 mapping 1 vlan 10执行结果:
gem 1 mapping 1 vlan 10
GPL116(config-gpon-onu-line-profile:118)#

命令create gem 2 tcont 1执行结果:
create gem 2 tcont 1
GPL116(config-gpon-onu-line-profile:118)#

命令gem 2 mapping 2 vlan 20执行结果:
gem 2 mapping 2 vlan 20
GPL116(config-gpon-onu-line-profile:118)#

命令create gem 3 tcont 1执行结果:
create gem 3 tcont 1
GPL116(config-gpon-onu-line-profile:118)#

命令gem 3 mapping 3 vlan 30执行结果:
gem 3 mapping 3 vlan 30
GPL116(config-gpon-onu-line-profile:118)#

命令create gem 4 tcont 1执行结果:
create gem 4 tcont 1
GPL116(config-gpon-onu-line-profile:118)#

命令gem 4 mapping 4 vlan 40执行结果:
gem 4 mapping 4 vlan 40
GPL116(config-gpon-onu-line-profile:118)#

命令commit执行结果:
commit
GPL116(config-gpon-onu-line-profile:118)#

命令exit执行结果:
exit
GPL116(config)#

命令show gpon-onu-line-profile 118执行结果:
show gpon-onu-line-profile 118
LineProfile ID  : 118
LineProfile Name: profile-118
Ref. counter    : 0
  FEC upstream: disable
  OMCC encrypt: disable
  Mapping mode: VLAN
  ------------------------------------------------------------------------------
  T-CONT 0          DBA Profile Name: def_gp_1
  T-CONT 1          DBA Profile Name: chenjingv118
    Gem Index    Encryption       Priority  USPolicing  DSPolicing   MAC limit
                DS        US                                                    
    ----------------------------------------------------------------------------
    1         disable   disable   0         0           0            unlimited
    ----------------------------------------------------------------------------
      Mapping Index  VLAN  Priority  Port Type  Port ID
      ----------------------------------------------------------------
      1              10    --        --         --
      ----------------------------------------------------------------
    Gem Index    Encryption       Priority  USPolicing  DSPolicing   MAC limit
                DS        US                                                    
    ----------------------------------------------------------------------------
    2         disable   disable   0         0           0            unlimited
    ----------------------------------------------------------------------------
      Mapping Index  VLAN  Priority  Port Type  Port ID
      ----------------------------------------------------------------
      2              20    --        --         --
      ----------------------------------------------------------------
    Gem Index    Encryption       Priority  USPolicing  DSPolicing   MAC limit
                DS        US                                                    
    ----------------------------------------------------------------------------
    3         disable   disable   0         0           0            unlimited
    ----------------------------------------------------------------------------
      Mapping Index  VLAN  Priority  Port Type  Port ID
      ----------------------------------------------------------------
      3              30    --        --         --
      ----------------------------------------------------------------
    Gem Index    Encryption       Priority  USPolicing  DSPolicing   MAC limit
                DS        US                                                    
    ----------------------------------------------------------------------------
    4         disable   disable   0         0           0            unlimited
    ----------------------------------------------------------------------------
      Mapping Index  VLAN  Priority  Port Type  Port ID
      ----------------------------------------------------------------
      4              40    --        --         --
      ----------------------------------------------------------------
GPL116(config)#

++++++++++++++++++++++++++++++++++++++++当前用例【line_config_hgu】测试结果为:pass

####################【line_config_hgu】脚本测试执行结束!####################


####################【service_config_sfu】脚本测试执行开始!####################

设备登录中，请稍后......

172.17.100.214登录成功!

tips:配置service-profile 117......

命令show gpon-onu-service-profile 117 | section-end WLAN执行结果:
show gpon-onu-service-profile 117 | section-end WLAN
GPL116(config)#

不存在sfu类型service模版-service-profile 117，配置中请稍后......

命令gpon-onu-service-profile 117执行结果:
gpon-onu-service-profile 117
GPL116(config-gpon-onu-service-profile:117)#

命令port-num ethernet 4执行结果:
port-num ethernet 4
GPL116(config-gpon-onu-service-profile:117)#

命令uni ethernet 1-4 vlan mode tagged执行结果:
uni ethernet 1-4 vlan mode tagged
GPL116(config-gpon-onu-service-profile:117)#

命令uni ethernet 1 native vlan 10执行结果:
uni ethernet 1 native vlan 10
GPL116(config-gpon-onu-service-profile:117)#

命令uni ethernet 2 native vlan 20执行结果:
uni ethernet 2 native vlan 20
GPL116(config-gpon-onu-service-profile:117)#

命令uni ethernet 3 native vlan 30执行结果:
uni ethernet 3 native vlan 30
GPL116(config-gpon-onu-service-profile:117)#

命令uni ethernet 4 native vlan 40执行结果:
uni ethernet 4 native vlan 40
GPL116(config-gpon-onu-service-profile:117)#

命令commit执行结果:
commit
GPL116(config-gpon-onu-service-profile:117)#

命令exit执行结果:
exit
GPL116(config)#

命令show gpon-onu-service-profile 117 | section-end WLAN执行结果:
show gpon-onu-service-profile 117 | section-end WLAN
ServiceProfile ID  : 117
ServiceProfile Name: profile-117
Ref. counter       : 0
  MAC learning              : enable
  MAC aging time(seconds)   : 300
  Switchport isolation      : enable
  DLF discard               : disable
  Multicast mode            : snooping
  VOIP type                 : sip
  Iphost Num                : 2
  Country code              : undefine
  Time zone                 : undefine
  VOIP IPhost Id            : 1
  MNG-SVR IPhost Id         : 0
  MNG-SVR PRI-Domain        : --
  MNG-SVR BAK-Domain        : --
  ---------------------------------------------------------
  Type      Port Num
  ---------------------------------------------------------
  Ethernet  4
  POTS      0
  VEIP      0
  CATV      0
  WLAN      0
GPL116(config)#

++++++++++++++++++++++++++++++++++++++++当前用例【service_config_sfu】测试结果为:pass

####################【service_config_sfu】脚本测试执行结束!####################


####################【service_config_hgu】脚本测试执行开始!####################

设备登录中，请稍后......

172.17.100.214登录成功!

tips:配置service-profile 118......

命令show gpon-onu-service-profile 118 | section-end WLAN执行结果:
show gpon-onu-service-profile 118 | section-end WLAN
GPL116(config)#

不存在hgu类型service模版-service-profile 118，配置中请稍后......

命令gpon-onu-service-profile 118执行结果:
gpon-onu-service-profile 118
GPL116(config-gpon-onu-service-profile:118)#

命令port-num veip 1执行结果:
port-num veip 1
GPL116(config-gpon-onu-service-profile:118)#

命令commit执行结果:
commit
GPL116(config-gpon-onu-service-profile:118)#

命令exit执行结果:
exit
GPL116(config)#

命令show gpon-onu-service-profile 118 | section-end WLAN执行结果:
show gpon-onu-service-profile 118 | section-end WLAN
ServiceProfile ID  : 118
ServiceProfile Name: profile-118
Ref. counter       : 0
  MAC learning              : enable
  MAC aging time(seconds)   : 300
  Switchport isolation      : enable
  DLF discard               : disable
  Multicast mode            : snooping
  VOIP type                 : sip
  Iphost Num                : 2
  Country code              : undefine
  Time zone                 : undefine
  VOIP IPhost Id            : 1
  MNG-SVR IPhost Id         : 0
  MNG-SVR PRI-Domain        : --
  MNG-SVR BAK-Domain        : --
  ---------------------------------------------------------
  Type      Port Num
  ---------------------------------------------------------
  Ethernet  0
  POTS      0
  VEIP      1
  CATV      0
  WLAN      0
GPL116(config)#

++++++++++++++++++++++++++++++++++++++++当前用例【service_config_hgu】测试结果为:pass

####################【service_config_hgu】脚本测试执行结束!####################


####################【profile_bind】脚本测试执行开始!####################

设备登录中，请稍后......

172.17.100.214登录成功!

tips:配置绑定自定义profile......

命令show gpon-onu 3/3/3 capability | in ype执行结果:
show gpon-onu 3/3/3 capability | in ype
    ONU Type                   : hgu

GPL116(config)#

命令show interface gpon-onu cr | in 3/3/3执行结果:
show interface gpon-onu cr | in 3/3/3
3/3/3     YHCT00707D3F      gpon    (g)       MONUV664           2023-10-15,09:27:23    active   1024 Def_P_all        1006    Def_VEIP

GPL116(config)#

该ONU为hgu类型，未绑定自定义模版，配置中请稍后......

命令int gpon-onu 3/3/3执行结果:
int gpon-onu 3/3/3
GPL116(config-if-gpon-onu-3/3:3)#

命令line-profile-id 118执行结果:
line-profile-id 118
OCT-15-2023 09:32:54  gpon-onu-remote-3-gponOnuGemportEntryAdd: gem_port 3/3/3/1 create gemport 163 (ulTunnelId 163) success
OCT-15-2023 09:32:54  gpon-onu-remote-3-gponOnuGemportEntryAdd: gem_port 3/3/3/2 create gemport 164 (ulTunnelId 164) success
OCT-15-2023 09:32:54  gpon-onu-remote-3-gponOnuGemportEntryAdd: gem_port 3/3/3/3 create gemport 165 (ulTunnelId 165) success
GPL116(config-if-gpon-onu-3/3:3)#OCT-15-2023 09:32:54  gpon-onu-remote-3-gponOnuGemportEntryAdd: gem_port 3/3/3/4 create gemport 166 (ulTunnelId 166) success
OCT-15-2023 09:32:54  pon-sys-3-gponOnuDeviceRebindOnuProfile: onu 3/3/3, gponPonSysOnuMib.c 2877


命令

执行结果:

GPL116(config-if-gpon-onu-3/3:3)#
GPL116(config-if-gpon-onu-3/3:3)#
GPL116(config-if-gpon-onu-3/3:3)#

命令service-profile-id 118执行结果:
service-profile-id 118
OCT-15-2023 09:32:59  gpon-onu-remote-3-ONU 3/3/3 ME upload next process has been aborted(810)
OCT-15-2023 09:33:01  gpon-onu-remote-3-gponOnuGemportEntryAdd: gem_port 3/3/3/1 create gemport 163 (ulTunnelId 163) success
OCT-15-2023 09:33:01  gpon-onu-remote-3-gponOnuGemportEntryAdd: gem_port 3/3/3/2 create gemport 164 (ulTunnelId 164) success
OCT-15-2023 09:33:01  gpon-onu-remote-3-gponOnuGemportEntryAdd: gem_port 3/3/3/3 create gemport 165 (ulTunnelId 165) success
GPL116(config-if-gpon-onu-3/3:3)#OCT-15-2023 09:33:01  gpon-onu-remote-3-gponOnuGemportEntryAdd: gem_port 3/3/3/4 create gemport 166 (ulTunnelId 166) success


命令

执行结果:

GPL116(config-if-gpon-onu-3/3:3)#
GPL116(config-if-gpon-onu-3/3:3)#
GPL116(config-if-gpon-onu-3/3:3)#

命令show interface gpon-onu cr | in 3/3/3执行结果:
show interface gpon-onu cr | in 3/3/3
3/3/3     YHCT00707D3F      gpon    (g)       MONUV664           2023-10-15,09:27:23    active   118  profile-118      118     profile-118

GPL116(config-if-gpon-onu-3/3:3)#

++++++++++++++++++++++++++++++++++++++++当前用例【profile_bind】测试结果为:pass

####################【profile_bind】脚本测试执行结束!####################


Test end time is:Sun Oct 15 09:34:30 2023
