
Test start time is:Sat Oct 14 11:23:50 2023

####################【clear_config】脚本测试执行开始!####################

设备登录中，请稍后......

172.17.100.212登录成功!

tips:删除所有ONU自定义模板......

命令show interface gpon-onu creation-information | in 3/2执行结果:
show interface gpon-onu creation-information | in 3/2
3/2/1     YHCT00704FAB        MONUM208              2023-10-13,16:16:48    active          115     profile-115  115     profile-115    --

GPL116(config)#

命令show interface gpon-onu online-information | in 3/2执行结果:
show interface gpon-onu online-information | in 3/2
3/2/1      online      3                2023-10-13,16:16:58  --                   --                          

GPL116(config)#

命令int gpon-olt 3/2执行结果:
int gpon-olt 3/2
GPL116(config-if-gpon-olt-3:2)#

命令no create gpon-onu 1执行结果:
no create gpon-onu 1
Delete ONU 1 successfully
Oct-14-2023 11:39:09  onu-register-2-ONU Deregister: ONU 3/2/1 deregistration, SN: YHCT00704FAB, reason is .


命令

执行结果:

GPL116(config-if-gpon-olt-3:2)#
GPL116(config-if-gpon-olt-3:2)#
GPL116(config-if-gpon-olt-3:2)#

命令exit执行结果:
exit
GPL116(config)#

命令no gpon-onu-line-profile 115执行结果:
no gpon-onu-line-profile 115
GPL116(config)#

命令end执行结果:
end
GPL116#

命令show gpon-onu-line-profile 115执行结果:
show gpon-onu-line-profile 115
GPL116#

命令conf t执行结果:
conf t
Configuration mode, one command input per times. End with CTRL-Z.
CONFIG-I:Configured from telnet ...
GPL116(config)#

命令no gpon-onu-line-profile 116执行结果:
no gpon-onu-line-profile 116
GPL116(config)#

命令end执行结果:
end
GPL116#

命令show gpon-onu-line-profile 116执行结果:
show gpon-onu-line-profile 116
GPL116#

命令conf t执行结果:
conf t
Configuration mode, one command input per times. End with CTRL-Z.
CONFIG-I:Configured from telnet ...
GPL116(config)#

命令no gpon-onu-service-profile 115执行结果:
no gpon-onu-service-profile 115
GPL116(config)#

命令end执行结果:
end
GPL116#

命令show gpon-onu-service-profile 115执行结果:
show gpon-onu-service-profile 115
GPL116#

命令conf t执行结果:
conf t
Configuration mode, one command input per times. End with CTRL-Z.
CONFIG-I:Configured from telnet ...
GPL116(config)#

命令no gpon-onu-service-profile 116执行结果:
no gpon-onu-service-profile 116
GPL116(config)#

命令end执行结果:
end
GPL116#

命令show gpon-onu-service-profile 116执行结果:
show gpon-onu-service-profile 116
GPL116#

命令conf t执行结果:
conf t
Configuration mode, one command input per times. End with CTRL-Z.
CONFIG-I:Configured from telnet ...
GPL116(config)#

命令no creat dba-profile 115执行结果:
no creat dba-profile 115
GPL116(config)#

命令end执行结果:
end
GPL116#

命令show dba-profile 115执行结果:
show dba-profile 115
Profile ID  Profile Name      Type   Fix(Kbps)  Assure(Kbps)  Max(Kbps)  Ref
----------------------------------------------------------------------------
GPL116#

命令conf t执行结果:
conf t
Configuration mode, one command input per times. End with CTRL-Z.
CONFIG-I:Configured from telnet ...
GPL116(config)#

命令no creat dba-profile 116执行结果:
no creat dba-profile 116
GPL116(config)#

命令end执行结果:
end
GPL116#

命令show dba-profile 116执行结果:
show dba-profile 116
Profile ID  Profile Name      Type   Fix(Kbps)  Assure(Kbps)  Max(Kbps)  Ref
----------------------------------------------------------------------------
GPL116#

命令show interface gpon-onu creation-information | in 3/2执行结果:
show interface gpon-onu creation-information | in 3/2
3/2/1     YHCT00704FAB        Unknown               2023-10-14,11:39:46    active          1024    Def_P_all    1024    Def_1E         --

GPL116#

命令show interface gpon-onu online-information | in 3/2执行结果:
show interface gpon-onu online-information | in 3/2
3/2/1      online      3                2023-10-14,11:39:56  --                   --                          

GPL116#

++++++++++++++++++++++++++++++++++++++++当前用例【clear_config】测试结果为:pass

####################【clear_config】脚本测试执行结束!####################


####################【check_uplink_port】脚本测试执行开始!####################

设备登录中，请稍后......

172.17.100.212登录成功!

tips:检查测试uplink状态......

命令end执行结果:
end
GPL116#

命令show interface ten-gigabitethernet执行结果:
show interface ten-gigabitethernet
Port                     Admin    Operate           Speed/Duplex  Flowctrl(R/S)  State       Connector   DownHoldTime(ms)
---------------------------------------------------------------------------------------------------------------------
ten-gigabitethernet1/1   enable   down              (1000M/Full)  off/off        Forward     online      0           
ten-gigabitethernet1/2   enable   up(10000M/Full)   (10000M/Full) off/off        Forward     online      0           
ten-gigabitethernet2/1   enable   down              (10000M/Full) on/on          Forward     offline     0           
ten-gigabitethernet2/2   enable   down              (10000M/Full) on/on          Forward     offline     0           

GPL116#

该uplink 1/2 已存在，程序继续......

++++++++++++++++++++++++++++++++++++++++当前用例【check_uplink_port】测试结果为:pass

####################【check_uplink_port】脚本测试执行结束!####################


####################【check_downlink_port】脚本测试执行开始!####################

设备登录中，请稍后......

172.17.100.212登录成功!

tips:检查测试downlink状态......

命令show interface gpon-onu cr执行结果:
show interface gpon-onu cr
ONU ID    SN                  Device Type           Creation Date          State           Line Profile         Service Profile        Description
                                                                                           ID      name         ID      name                      
----------------------------------------------------------------------------------------------------------------------------------
3/2/1     YHCT00704FAB        MONUM208              2023-10-14,11:39:46    active          1024    Def_P_all    1015    Def_8E         --
3/3/1     YHCT00707A1F        MONUV664              2023-10-13,11:14:42    active          1024    Def_P_all    1006    Def_VEIP       --

GPL116(config)#

该downlink 3/2/1 已存在，程序继续......

++++++++++++++++++++++++++++++++++++++++当前用例【check_downlink_port】测试结果为:pass

####################【check_downlink_port】脚本测试执行结束!####################


####################【uplink_config_auto】脚本测试执行开始!####################

设备登录中，请稍后......

172.17.100.212登录成功!

tips:配置uplink......

命令creat vlan 10,20,30,40,4000,1011-1020 active执行结果:
creat vlan 10,20,30,40,4000,1011-1020 active
Already existed vlans: 10,20,30,40,1011-1020,4000,can not be created again.
GPL116(config)#

命令end执行结果:
end
GPL116#

命令show run interface ten-gigabitethernet 1/2执行结果:
show run interface ten-gigabitethernet 1/2
!command in ten-gigabitethernet_mode
interface ten-gigabitethernet 1/2
switchport trunk native vlan 4000 
switchport trunk allowed vlan 10,20,30,40,1011-1020,4000 
switchport trunk untagged vlan remove 1 
switchport mode trunk
quit
!
GPL116#

命令conf t执行结果:
conf t
Configuration mode, one command input per times. End with CTRL-Z.
CONFIG-I:Configured from telnet ...
GPL116(config)#

命令interface ten-gigabitethernet 1/2执行结果:
interface ten-gigabitethernet 1/2
GPL116(config-if-ten-gigabitethernet-1:2)#

命令no switchport mode执行结果:
no switchport mode
GPL116(config-if-ten-gigabitethernet-1:2)#

命令no switchport access vlan执行结果:
no switchport access vlan
GPL116(config-if-ten-gigabitethernet-1:2)#

命令no switchport trunk native vlan执行结果:
no switchport trunk native vlan
GPL116(config-if-ten-gigabitethernet-1:2)#

命令no switchport trunk allowed vlan执行结果:
no switchport trunk allowed vlan
GPL116(config-if-ten-gigabitethernet-1:2)#

命令no switchport trunk untagged vlan执行结果:
no switchport trunk untagged vlan
GPL116(config-if-ten-gigabitethernet-1:2)#

命令switchport mode trunk执行结果:
switchport mode trunk
GPL116(config-if-ten-gigabitethernet-1:2)#

命令switchport trunk native vlan 4000执行结果:
switchport trunk native vlan 4000
GPL116(config-if-ten-gigabitethernet-1:2)#

命令switchport trunk allowed vlan 10,20,30,40,1011-1020,4000 confirm执行结果:
switchport trunk allowed vlan 10,20,30,40,1011-1020,4000 confirm
GPL116(config-if-ten-gigabitethernet-1:2)#

命令end执行结果:
end
GPL116#

命令show run interface ten-gigabitethernet 1/2执行结果:
show run interface ten-gigabitethernet 1/2
!command in ten-gigabitethernet_mode
interface ten-gigabitethernet 1/2
switchport trunk native vlan 4000 
switchport trunk allowed vlan 10,20,30,40,1011-1020,4000 
switchport trunk untagged vlan remove 1 
switchport mode trunk
quit
!
GPL116#

++++++++++++++++++++++++++++++++++++++++当前用例【uplink_config_auto】测试结果为:pass

####################【uplink_config_auto】脚本测试执行结束!####################


####################【downlink_config_auto】脚本测试执行开始!####################

设备登录中，请稍后......

172.17.100.212登录成功!

tips:配置downlink......

命令end执行结果:
end
GPL116#

命令show run interface gpon-olt 3/2执行结果:
show run interface gpon-olt 3/2
!command in gpon-olt_mode
interface gpon-olt 3/2
mac-address-table station move
authorization mode none
create gpon-onu 1 sn YHCT00704FAB line-profile-id 1024 service-profile-id 1015
switchport trunk allowed vlan 10,20,30,40,1011-1020,4000 
switchport trunk untagged vlan remove 1 
switchport mode trunk
quit
!
GPL116#

命令conf t执行结果:
conf t
Configuration mode, one command input per times. End with CTRL-Z.
CONFIG-I:Configured from telnet ...
GPL116(config)#

命令interface gpon-olt 3/2执行结果:
interface gpon-olt 3/2
GPL116(config-if-gpon-olt-3:2)#

命令mac-address-table station move执行结果:
mac-address-table station move
GPL116(config-if-gpon-olt-3:2)#

命令authorization mode none执行结果:
authorization mode none
GPL116(config-if-gpon-olt-3:2)#

命令no switchport mode执行结果:
no switchport mode
GPL116(config-if-gpon-olt-3:2)#

命令no switchport access vlan执行结果:
no switchport access vlan
GPL116(config-if-gpon-olt-3:2)#

命令no switchport trunk native vlan执行结果:
no switchport trunk native vlan
GPL116(config-if-gpon-olt-3:2)#

命令no switchport trunk allowed vlan执行结果:
no switchport trunk allowed vlan
GPL116(config-if-gpon-olt-3:2)#

命令no switchport trunk untagged vlan执行结果:
no switchport trunk untagged vlan
GPL116(config-if-gpon-olt-3:2)#

命令switchport mode trunk执行结果:
switchport mode trunk
GPL116(config-if-gpon-olt-3:2)#

命令switchport trunk allowed vlan 10,20,30,40,1011-1020,4000 confirm执行结果:
switchport trunk allowed vlan 10,20,30,40,1011-1020,4000 confirm
GPL116(config-if-gpon-olt-3:2)#

命令end执行结果:
end
GPL116#

命令show run interface gpon-olt 3/2执行结果:
show run interface gpon-olt 3/2
!command in gpon-olt_mode
interface gpon-olt 3/2
mac-address-table station move
authorization mode none
create gpon-onu 1 sn YHCT00704FAB line-profile-id 1024 service-profile-id 1015
switchport trunk allowed vlan 10,20,30,40,1011-1020,4000 
switchport trunk untagged vlan remove 1 
switchport mode trunk
quit
!
GPL116#

++++++++++++++++++++++++++++++++++++++++当前用例【downlink_config_auto】测试结果为:pass

####################【downlink_config_auto】脚本测试执行结束!####################


####################【dba_config_sfu】脚本测试执行开始!####################

设备登录中，请稍后......

172.17.100.212登录成功!

tips:配置dba-profile 115......

命令end执行结果:
end
GPL116#

命令show dba-profile 115执行结果:
show dba-profile 115
Profile ID  Profile Name      Type   Fix(Kbps)  Assure(Kbps)  Max(Kbps)  Ref
----------------------------------------------------------------------------
GPL116#

不存在sfu类型dba模版-dba-profile 115，配置中请稍后......

命令conf t执行结果:
conf t
Configuration mode, one command input per times. End with CTRL-Z.
CONFIG-I:Configured from telnet ...
GPL116(config)#

命令create dba-profile 115 name chenjingv115 type4 max 1024000执行结果:
create dba-profile 115 name chenjingv115 type4 max 1024000
GPL116(config)#

命令end执行结果:
end
GPL116#

命令show dba-profile 115执行结果:
show dba-profile 115
Profile ID  Profile Name      Type   Fix(Kbps)  Assure(Kbps)  Max(Kbps)  Ref
----------------------------------------------------------------------------
115         chenjingv115      type4  0          0             1024000    0
GPL116#

++++++++++++++++++++++++++++++++++++++++当前用例【dba_config_sfu】测试结果为:pass

####################【dba_config_sfu】脚本测试执行结束!####################


####################【dba_config_hgu】脚本测试执行开始!####################

设备登录中，请稍后......

172.17.100.212登录成功!

tips:配置dba-profile 116......

命令end执行结果:
end
GPL116#

命令show dba-profile 116执行结果:
show dba-profile 116
Profile ID  Profile Name      Type   Fix(Kbps)  Assure(Kbps)  Max(Kbps)  Ref
----------------------------------------------------------------------------
GPL116#

不存在hgu类型dba模版-dba-profile 116，配置中请稍后......

命令conf t执行结果:
conf t
Configuration mode, one command input per times. End with CTRL-Z.
CONFIG-I:Configured from telnet ...
GPL116(config)#

命令create dba-profile 116 name chenjingv116 type4 max 1024000执行结果:
create dba-profile 116 name chenjingv116 type4 max 1024000
GPL116(config)#

命令end执行结果:
end
GPL116#

命令show dba-profile 116执行结果:
show dba-profile 116
Profile ID  Profile Name      Type   Fix(Kbps)  Assure(Kbps)  Max(Kbps)  Ref
----------------------------------------------------------------------------
116         chenjingv116      type4  0          0             1024000    0
GPL116#

++++++++++++++++++++++++++++++++++++++++当前用例【dba_config_hgu】测试结果为:pass

####################【dba_config_hgu】脚本测试执行结束!####################


####################【line_config_sfu】脚本测试执行开始!####################

设备登录中，请稍后......

172.17.100.212登录成功!

tips:配置line-profile 115......

命令end执行结果:
end
GPL116#

命令show gpon-onu-line-profile 115执行结果:
show gpon-onu-line-profile 115
GPL116#

不存在sfu类型line模版-line-profile 115，配置中请稍后......

命令conf t执行结果:
conf t
Configuration mode, one command input per times. End with CTRL-Z.
CONFIG-I:Configured from telnet ...
GPL116(config)#

命令gpon-onu-line-profile 115执行结果:
gpon-onu-line-profile 115
GPL116(config-gpon-onu-line-profile:115)#

命令create tcont 1 dba-profile 115执行结果:
create tcont 1 dba-profile 115
GPL116(config-gpon-onu-line-profile:115)#

命令mapping-mode vlan执行结果:
mapping-mode vlan
GPL116(config-gpon-onu-line-profile:115)#

命令create gem 1 tcont 1执行结果:
create gem 1 tcont 1
GPL116(config-gpon-onu-line-profile:115)#

命令gem 1 mapping 1 vlan 4000执行结果:
gem 1 mapping 1 vlan 4000
GPL116(config-gpon-onu-line-profile:115)#

命令commit执行结果:
commit
GPL116(config-gpon-onu-line-profile:115)#

命令exit执行结果:
exit
GPL116(config)#

命令end执行结果:
end
GPL116#

命令show gpon-onu-line-profile 115执行结果:
show gpon-onu-line-profile 115
Line Profile ID  : 115
Line Profile Name: profile-115
Ref. counter     : 0
  FEC upstream: disable
  OMCC encrypt: disable
  Mapping mode: VLAN
  --------------------------------------------------------------------
  T-CONT 0          DBA Profile ID: 1
  T-CONT 1          DBA Profile ID: 115
    Gem Index  Encryption  Priority  USPolicing  DSPolicing  MAC limit
    ------------------------------------------------------------------
    1          disable     0         0           0           unlimited
    ------------------------------------------------------------------
      Mapping Index  VLAN  Priority  Port Type  Port ID
      ----------------------------------------------------------------
      1              4000  --        --         --
      ----------------------------------------------------------------
GPL116#

++++++++++++++++++++++++++++++++++++++++当前用例【line_config_sfu】测试结果为:pass

####################【line_config_sfu】脚本测试执行结束!####################


####################【line_config_hgu】脚本测试执行开始!####################

设备登录中，请稍后......

172.17.100.212登录成功!

tips:配置line-profile 116......

命令end执行结果:
end
GPL116#

命令show gpon-onu-line-profile 116执行结果:
show gpon-onu-line-profile 116
GPL116#

不存在hgu类型line模版-line-profile 116，配置中请稍后......

命令conf t执行结果:
conf t
Configuration mode, one command input per times. End with CTRL-Z.
CONFIG-I:Configured from telnet ...
GPL116(config)#

命令gpon-onu-line-profile 116执行结果:
gpon-onu-line-profile 116
GPL116(config-gpon-onu-line-profile:116)#

命令create tcont 1 dba-profile 116执行结果:
create tcont 1 dba-profile 116
GPL116(config-gpon-onu-line-profile:116)#

命令mapping-mode vlan执行结果:
mapping-mode vlan
GPL116(config-gpon-onu-line-profile:116)#

命令create gem 1 tcont 1执行结果:
create gem 1 tcont 1
GPL116(config-gpon-onu-line-profile:116)#

命令gem 1 mapping 1 vlan 4000执行结果:
gem 1 mapping 1 vlan 4000
GPL116(config-gpon-onu-line-profile:116)#

命令commit执行结果:
commit
GPL116(config-gpon-onu-line-profile:116)#

命令exit执行结果:
exit
GPL116(config)#

命令end执行结果:
end
GPL116#

命令show gpon-onu-line-profile 116执行结果:
show gpon-onu-line-profile 116
Line Profile ID  : 116
Line Profile Name: profile-116
Ref. counter     : 0
  FEC upstream: disable
  OMCC encrypt: disable
  Mapping mode: VLAN
  --------------------------------------------------------------------
  T-CONT 0          DBA Profile ID: 1
  T-CONT 1          DBA Profile ID: 116
    Gem Index  Encryption  Priority  USPolicing  DSPolicing  MAC limit
    ------------------------------------------------------------------
    1          disable     0         0           0           unlimited
    ------------------------------------------------------------------
      Mapping Index  VLAN  Priority  Port Type  Port ID
      ----------------------------------------------------------------
      1              4000  --        --         --
      ----------------------------------------------------------------
GPL116#

++++++++++++++++++++++++++++++++++++++++当前用例【line_config_hgu】测试结果为:pass

####################【line_config_hgu】脚本测试执行结束!####################


####################【service_config_sfu】脚本测试执行开始!####################

设备登录中，请稍后......

172.17.100.212登录成功!

tips:配置service-profile 115......

命令end执行结果:
end
GPL116#

命令show gpon-onu-service-profile 115 | include file执行结果:
show gpon-onu-service-profile 115 | include file
GPL116#

不存在sfu类型service模版-service-profile 115，配置中请稍后......

命令conf t执行结果:
conf t
Configuration mode, one command input per times. End with CTRL-Z.
CONFIG-I:Configured from telnet ...
GPL116(config)#

命令gpon-onu-service-profile 115执行结果:
gpon-onu-service-profile 115
GPL116(config-gpon-onu-service-profile:115)#

命令port-num ethernet 4执行结果:
port-num ethernet 4
GPL116(config-gpon-onu-service-profile:115)#

命令uni ethernet 1-4 vlan mode tagged执行结果:
uni ethernet 1-4 vlan mode tagged
GPL116(config-gpon-onu-service-profile:115)#

命令uni ethernet 1-4 native vlan 4000执行结果:
uni ethernet 1-4 native vlan 4000
GPL116(config-gpon-onu-service-profile:115)#

命令commit执行结果:
commit
GPL116(config-gpon-onu-service-profile:115)#

命令exit执行结果:
exit
GPL116(config)#

命令end执行结果:
end
GPL116#

命令show gpon-onu-service-profile 115 | include file执行结果:
show gpon-onu-service-profile 115 | include file
Service Profile ID  : 115
Service Profile Name: profile-115
    Ingress Policing-profile: 0
    Egress  Policing-profile: 0
    Ingress Policing-profile: 0
    Egress  Policing-profile: 0
    Ingress Policing-profile: 0
    Egress  Policing-profile: 0
    Ingress Policing-profile: 0
    Egress  Policing-profile: 0
GPL116#

++++++++++++++++++++++++++++++++++++++++当前用例【service_config_sfu】测试结果为:pass

####################【service_config_sfu】脚本测试执行结束!####################


####################【service_config_hgu】脚本测试执行开始!####################

设备登录中，请稍后......

172.17.100.212登录成功!

tips:配置service-profile 116......

命令end执行结果:
end
GPL116#

命令show gpon-onu-service-profile 116 | include file执行结果:
show gpon-onu-service-profile 116 | include file
GPL116#

不存在hgu类型service模版-service-profile 116，配置中请稍后......

命令conf t执行结果:
conf t
Configuration mode, one command input per times. End with CTRL-Z.
CONFIG-I:Configured from telnet ...
GPL116(config)#

命令gpon-onu-service-profile 116执行结果:
gpon-onu-service-profile 116
GPL116(config-gpon-onu-service-profile:116)#

命令port-num veip 1执行结果:
port-num veip 1
GPL116(config-gpon-onu-service-profile:116)#

命令commit执行结果:
commit
GPL116(config-gpon-onu-service-profile:116)#

命令exit执行结果:
exit
GPL116(config)#

命令end执行结果:
end
GPL116#

命令show gpon-onu-service-profile 116 | include file执行结果:
show gpon-onu-service-profile 116 | include file
Service Profile ID  : 116
Service Profile Name: profile-116
    TR069 profile id        : 0
GPL116#

++++++++++++++++++++++++++++++++++++++++当前用例【service_config_hgu】测试结果为:pass

####################【service_config_hgu】脚本测试执行结束!####################


####################【profile_bind】脚本测试执行开始!####################

设备登录中，请稍后......

172.17.100.212登录成功!

tips:配置绑定自定义profile......

命令show gpon-onu 3/2/1 capability | in ype执行结果:
show gpon-onu 3/2/1 capability | in ype
    ONU Type                   : sfu

GPL116(config)#

命令show interface gpon-onu cr | in 3/2/1执行结果:
show interface gpon-onu cr | in 3/2/1
3/2/1     YHCT00704FAB        MONUM208              2023-10-14,11:39:46    active          1024    Def_P_all    1015    Def_8E         --

GPL116(config)#

该ONU为sfu类型，未绑定自定义模版，配置中请稍后......

命令int gpon-onu 3/2/1执行结果:
int gpon-onu 3/2/1
GPL116(config-if-gpon-onu-3/2:1)#

命令line-profile-id 115执行结果:
line-profile-id 115
GPL116(config-if-gpon-onu-3/2:1)#

命令

执行结果:

GPL116(config-if-gpon-onu-3/2:1)#
GPL116(config-if-gpon-onu-3/2:1)#
GPL116(config-if-gpon-onu-3/2:1)#

命令service-profile-id 115执行结果:
service-profile-id 115
Oct-14-2023 11:44:48  gpon-onu-remote-3-ONU 3/2/1 ME upload process has been aborted(810)
GPL116(config-if-gpon-onu-3/2:1)#

命令

执行结果:

GPL116(config-if-gpon-onu-3/2:1)#
GPL116(config-if-gpon-onu-3/2:1)#
GPL116(config-if-gpon-onu-3/2:1)#

命令show interface gpon-onu cr | in 3/2/1执行结果:
show interface gpon-onu cr | in 3/2/1
3/2/1     YHCT00704FAB        Unknown               2023-10-14,11:39:46    active          115     profile-115  115     profile-115    --

GPL116(config-if-gpon-onu-3/2:1)#

++++++++++++++++++++++++++++++++++++++++当前用例【profile_bind】测试结果为:pass

####################【profile_bind】脚本测试执行结束!####################


Test end time is:Sat Oct 14 11:29:51 2023
