
测试开始时间为:Wed Aug 16 13:05:44 2023

####################【clear_config】脚本测试执行开始!####################


设备登录中，请稍后......

172.17.100.214登录成功!

tips:删除所有ONU自定义模板......

命令show interface gpon-onu creation-information | in 3/3执行结果:
show interface gpon-onu creation-information | in 3/3
3/3/1     YHCT0070692F      gpon    (g)       MONUV664           2023-08-16,12:53:10    active   1024 Def_P_all        1006    Def_VEIP
3/3/2     YHCT00704FAB      gpon    (g)       MONUM208           2023-08-16,12:53:10    active   127  profile-127      127     profile-127

GPL116(config)#

命令show interface gpon-onu online-information | in 3/3执行结果:
show interface gpon-onu online-information | in 3/3
3/3/1      online      2                2023-08-16,12:54:10  --                   --                          
3/3/2      online      3                2023-08-16,12:54:10  --                   --                          

GPL116(config)#

命令int gpon-olt 3/3执行结果:
int gpon-olt 3/3
GPL116(config-if-gpon-olt-3:3)#

命令no create gpon-onu 1-10执行结果:
no create gpon-onu 1-10
Delete ONU 1 successfully


命令

执行结果:
Delete ONU 2 successfully
GPL116(config-if-gpon-olt-3:3)#
GPL116(config-if-gpon-olt-3:3)#
GPL116(config-if-gpon-olt-3:3)#
GPL116(config-if-gpon-olt-3:3)#

命令exit执行结果:
exit
GPL116(config)#AUG-16-2023 13:06:12  if-1-Link state change down: gpon-olt3/3 link down.


命令no gpon-onu-line-profile 127执行结果:
no gpon-onu-line-profile 127
GPL116(config)#

命令show gpon-onu-line-profile 127执行结果:
show gpon-onu-line-profile 127
GPL116(config)#

命令no gpon-onu-line-profile 128执行结果:
no gpon-onu-line-profile 128
GPL116(config)#

命令show gpon-onu-line-profile 128执行结果:
show gpon-onu-line-profile 128
GPL116(config)#

命令no gpon-onu-service-profile 127执行结果:
no gpon-onu-service-profile 127
GPL116(config)#

命令show gpon-onu-service-profile 127 | section-end WLAN执行结果:
show gpon-onu-service-profile 127 | section-end WLAN
GPL116(config)#

命令no gpon-onu-service-profile 128执行结果:
no gpon-onu-service-profile 128
GPL116(config)#

命令show gpon-onu-service-profile 128 | section-end WLAN执行结果:
show gpon-onu-service-profile 128 | section-end WLAN
GPL116(config)#

命令no creat dba-profile 127执行结果:
no creat dba-profile 127
GPL116(config)#

命令show dba-profile 127执行结果:
show dba-profile 127
Profile ID  Profile Name      Type   Fix(Kbps)  Assure(Kbps)  Max(Kbps)  AddBwMode      Priority  Weight  Method    Ref
-----------------------------------------------------------------------------------------------------------------------
GPL116(config)#

命令no creat dba-profile 128执行结果:
no creat dba-profile 128
GPL116(config)#

命令show dba-profile 128执行结果:
show dba-profile 128
Profile ID  Profile Name      Type   Fix(Kbps)  Assure(Kbps)  Max(Kbps)  AddBwMode      Priority  Weight  Method    Ref
-----------------------------------------------------------------------------------------------------------------------
GPL116(config)#

命令show interface gpon-onu creation-information | in 3/3执行结果:
show interface gpon-onu creation-information | in 3/3
3/3/1     YHCT0070692F      gpon    (g)       --                 2023-08-16,13:06:10    --       --   --               --      --

GPL116(config)#

命令show interface gpon-onu online-information | in 3/3执行结果:
show interface gpon-onu online-information | in 3/3
3/3/1      offline     0                --                   --                   --                          
3/3/2      offline     0                --                   --                   --                          

GPL116(config)#AUG-16-2023 13:06:40  gpon-onu-remote-3-ONU 3/3/1 register, OnuRegType g(0)! 
AUG-16-2023 13:06:41  onu-register-4-ONU Register: ONU 3/3/1 Registration, SN: YHCT0070692F.
AUG-16-2023 13:06:41  if-1-Link state change up: gpon-olt3/3 link up.


++++++++++++++++++++++++++++++++++++++++当前用例【clear_config】测试结果为:pass

####################【clear_config】脚本测试执行结束!####################

